This is pdfTeX, Version 3.14159265-2.6-1.40.18 (TeX Live 2017/Debian) (preloaded format=pdflatex 2020.5.16)  24 AUG 2021 16:29
entering extended mode
 restricted \write18 enabled.
 %&-line parsing enabled.
**./SymbolTableGen/STOutputTexCodes/LPSolver_st.tex
(./SymbolTableGen/STOutputTexCodes/LPSolver_st.tex
LaTeX2e <2017-04-15>
Babel <3.18> and hyphenation patterns for 84 language(s) loaded.
(/usr/share/texlive/texmf-dist/tex/latex/base/report.cls
Document Class: report 2014/09/29 v1.4h Standard LaTeX document class
(/usr/share/texlive/texmf-dist/tex/latex/base/size10.clo
File: size10.clo 2014/09/29 v1.4h Standard LaTeX file (size option)
)
\c@part=\count79
\c@chapter=\count80
\c@section=\count81
\c@subsection=\count82
\c@subsubsection=\count83
\c@paragraph=\count84
\c@subparagraph=\count85
\c@figure=\count86
\c@table=\count87
\abovecaptionskip=\skip41
\belowcaptionskip=\skip42
\bibindent=\dimen102
)
(/usr/share/texlive/texmf-dist/tex/latex/geometry/geometry.sty
Package: geometry 2010/09/12 v5.6 Page Geometry

(/usr/share/texlive/texmf-dist/tex/latex/graphics/keyval.sty
Package: keyval 2014/10/28 v1.15 key=value parser (DPC)
\KV@toks@=\toks14
)
(/usr/share/texlive/texmf-dist/tex/generic/oberdiek/ifpdf.sty
Package: ifpdf 2017/03/15 v3.2 Provides the ifpdf switch
)
(/usr/share/texlive/texmf-dist/tex/generic/oberdiek/ifvtex.sty
Package: ifvtex 2016/05/16 v1.6 Detect VTeX and its facilities (HO)
Package ifvtex Info: VTeX not detected.
)
(/usr/share/texlive/texmf-dist/tex/generic/ifxetex/ifxetex.sty
Package: ifxetex 2010/09/12 v0.6 Provides ifxetex conditional
)
\Gm@cnth=\count88
\Gm@cntv=\count89
\c@Gm@tempcnt=\count90
\Gm@bindingoffset=\dimen103
\Gm@wd@mp=\dimen104
\Gm@odd@mp=\dimen105
\Gm@even@mp=\dimen106
\Gm@layoutwidth=\dimen107
\Gm@layoutheight=\dimen108
\Gm@layouthoffset=\dimen109
\Gm@layoutvoffset=\dimen110
\Gm@dimlist=\toks15
)
(/usr/share/texlive/texmf-dist/tex/latex/tools/longtable.sty
Package: longtable 2014/10/28 v4.11 Multi-page Table package (DPC)
\LTleft=\skip43
\LTright=\skip44
\LTpre=\skip45
\LTpost=\skip46
\LTchunksize=\count91
\LTcapwidth=\dimen111
\LT@head=\box26
\LT@firsthead=\box27
\LT@foot=\box28
\LT@lastfoot=\box29
\LT@cols=\count92
\LT@rows=\count93
\c@LT@tables=\count94
\c@LT@chunks=\count95
\LT@p@ftn=\toks16
)
(/usr/share/texlive/texmf-dist/tex/latex/base/fontenc.sty
Package: fontenc 2017/04/05 v2.0i Standard LaTeX package

(/usr/share/texlive/texmf-dist/tex/latex/base/t1enc.def
File: t1enc.def 2017/04/05 v2.0i Standard LaTeX file
LaTeX Font Info:    Redeclaring font encoding T1 on input line 48.
))
(./SymbolTableGen/STOutputPdfFiles//LPSolver_st.aux)
\openout1 = `LPSolver_st.aux'.

LaTeX Font Info:    Checking defaults for OML/cmm/m/it on input line 8.
LaTeX Font Info:    ... okay on input line 8.
LaTeX Font Info:    Checking defaults for T1/cmr/m/n on input line 8.
LaTeX Font Info:    ... okay on input line 8.
LaTeX Font Info:    Checking defaults for OT1/cmr/m/n on input line 8.
LaTeX Font Info:    ... okay on input line 8.
LaTeX Font Info:    Checking defaults for OMS/cmsy/m/n on input line 8.
LaTeX Font Info:    ... okay on input line 8.
LaTeX Font Info:    Checking defaults for OMX/cmex/m/n on input line 8.
LaTeX Font Info:    ... okay on input line 8.
LaTeX Font Info:    Checking defaults for U/cmr/m/n on input line 8.
LaTeX Font Info:    ... okay on input line 8.

*geometry* driver: auto-detecting
*geometry* detected driver: pdftex
*geometry* verbose mode - [ preamble ] result:
* driver: pdftex
* paper: <default>
* layout: <same size as paper>
* layoutoffset:(h,v)=(0.0pt,0.0pt)
* modes: 
* h-part:(L,W,R)=(92.14519pt, 430.00462pt, 92.14519pt)
* v-part:(T,H,B)=(95.39737pt, 556.47656pt, 143.09605pt)
* \paperwidth=614.295pt
* \paperheight=794.96999pt
* \textwidth=430.00462pt
* \textheight=556.47656pt
* \oddsidemargin=19.8752pt
* \evensidemargin=19.8752pt
* \topmargin=-13.87262pt
* \headheight=12.0pt
* \headsep=25.0pt
* \topskip=10.0pt
* \footskip=30.0pt
* \marginparwidth=65.0pt
* \marginparsep=11.0pt
* \columnsep=10.0pt
* \skip\footins=9.0pt plus 4.0pt minus 2.0pt
* \hoffset=0.0pt
* \voffset=0.0pt
* \mag=1000
* \@twocolumnfalse
* \@twosidefalse
* \@mparswitchfalse
* \@reversemarginfalse
* (1in=72.27pt=25.4mm, 1cm=28.453pt)

LaTeX Font Info:    External font `cmex10' loaded for size
(Font)              <12> on input line 10.
LaTeX Font Info:    External font `cmex10' loaded for size
(Font)              <8> on input line 10.
LaTeX Font Info:    External font `cmex10' loaded for size
(Font)              <6> on input line 10.

LaTeX Warning: No \author given.

[1

{/var/lib/texmf/fonts/map/pdftex/updmap/pdftex.map}]
Overfull \hbox (1.88083pt too wide) in paragraph at lines 21--21
[]|\T1/cmr/bx/n/10 precision| 
 []


Underfull \hbox (badness 10000) in paragraph at lines 23--23
[]|\T1/cmr/m/n/10 <ast.Main ob-ject at
 []


Overfull \hbox (2.72371pt too wide) in paragraph at lines 25--25
[]|\T1/cmr/m/n/10 ProbabilityDistribution| 
 []


Underfull \hbox (badness 10000) in paragraph at lines 25--25
[]|\T1/cmr/m/n/10 <ast.Module ob-ject at
 []


Underfull \hbox (badness 10000) in paragraph at lines 27--27
[]|\T1/cmr/m/n/10 <ast.Module ob-ject at
 []


Underfull \hbox (badness 10000) in paragraph at lines 29--29
[]|\T1/cmr/m/n/10 <ast.Module ob-ject at
 []


Underfull \hbox (badness 10000) in paragraph at lines 31--31
[]|\T1/cmr/m/n/10 <ast.Module ob-ject at
 []


Underfull \hbox (badness 10000) in paragraph at lines 33--33
[]|\T1/cmr/m/n/10 <ast.Module ob-ject at
 []


Underfull \hbox (badness 10000) in paragraph at lines 35--35
[]|\T1/cmr/m/n/10 <ast.Module ob-ject at
 []


Underfull \hbox (badness 10000) in paragraph at lines 37--37
[]|\T1/cmr/m/n/10 <ast.Module ob-ject at
 []


Underfull \hbox (badness 10000) in paragraph at lines 39--39
[]|\T1/cmr/m/n/10 <ast.Module ob-ject at
 []


Underfull \hbox (badness 10000) in paragraph at lines 41--41
[]|\T1/cmr/m/n/10 <ast.Module ob-ject at
 []


Underfull \hbox (badness 10000) in paragraph at lines 43--43
[]|\T1/cmr/m/n/10 <ast.Module ob-ject at
 []


Underfull \hbox (badness 10000) in paragraph at lines 45--45
[]|\T1/cmr/m/n/10 <ast.Module ob-ject at
 []


Underfull \hbox (badness 10000) in paragraph at lines 47--47
[]|\T1/cmr/m/n/10 <ast.Module ob-ject at
 []


Underfull \hbox (badness 10000) in paragraph at lines 49--49
[]|\T1/cmr/m/n/10 <ast.Module ob-ject at
 []


Overfull \hbox (80.78665pt too wide) in alignment at lines 17--51
 [] [] [] [] [] [] [] 
 []


Underfull \vbox (badness 10000) detected at line 51
 []


Overfull \hbox (1.88083pt too wide) in paragraph at lines 61--61
[]|\T1/cmr/bx/n/10 precision| 
 []


Overfull \hbox (80.78665pt too wide) in alignment at lines 57--63
 [] [] [] [] [] [] [] 
 []


Underfull \vbox (badness 10000) detected at line 63
 []

[1]
Overfull \hbox (1.88083pt too wide) in paragraph at lines 73--73
[]|\T1/cmr/bx/n/10 precision| 
 []


Underfull \hbox (badness 2293) in paragraph at lines 75--75
[]|\T1/cmr/m/n/10 <ast.Function ob-ject at
 []


Underfull \hbox (badness 2293) in paragraph at lines 77--77
[]|\T1/cmr/m/n/10 <ast.Function ob-ject at
 []


Overfull \hbox (80.78665pt too wide) in alignment at lines 69--79
 [] [] [] [] [] [] [] 
 []


Underfull \vbox (badness 10000) detected at line 79
 []


Overfull \hbox (1.88083pt too wide) in paragraph at lines 89--89
[]|\T1/cmr/bx/n/10 precision| 
 []


Underfull \hbox (badness 10000) in paragraph at lines 91--91
[]|\T1/cmr/m/n/10 <ast.Declaration ob-ject
 []


Underfull \hbox (badness 10000) in paragraph at lines 93--93
[]|\T1/cmr/m/n/10 <ast.Declaration ob-ject
 []


Underfull \hbox (badness 10000) in paragraph at lines 95--95
[]|\T1/cmr/m/n/10 <ast.Declaration ob-ject
 []


Underfull \hbox (badness 10000) in paragraph at lines 97--97
[]|\T1/cmr/m/n/10 <ast.Declaration ob-ject
 []


Underfull \hbox (badness 10000) in paragraph at lines 99--99
[]|\T1/cmr/m/n/10 <ast.Declaration ob-ject
 []


Underfull \hbox (badness 10000) in paragraph at lines 101--101
[]|\T1/cmr/m/n/10 <ast.Declaration ob-ject
 []


Underfull \hbox (badness 10000) in paragraph at lines 103--103
[]|\T1/cmr/m/n/10 <ast.Declaration ob-ject
 []


Underfull \hbox (badness 10000) in paragraph at lines 105--105
[]|\T1/cmr/m/n/10 <ast.Declaration ob-ject
 []


Underfull \hbox (badness 10000) in paragraph at lines 107--107
[]|\T1/cmr/m/n/10 <ast.Declaration ob-ject
 []


Underfull \hbox (badness 10000) in paragraph at lines 109--109
[]|\T1/cmr/m/n/10 <ast.Declaration ob-ject
 []


Overfull \hbox (80.78665pt too wide) in alignment at lines 85--111
 [] [] [] [] [] [] [] 
 []


Underfull \vbox (badness 10000) detected at line 111
 []

[2]
Overfull \hbox (1.88083pt too wide) in paragraph at lines 121--121
[]|\T1/cmr/bx/n/10 precision| 
 []


Underfull \hbox (badness 10000) in paragraph at lines 123--123
[]|\T1/cmr/m/n/10 <ast.Declaration ob-ject
 []


Underfull \hbox (badness 10000) in paragraph at lines 125--125
[]|\T1/cmr/m/n/10 <ast.Declaration ob-ject
 []


Underfull \hbox (badness 10000) in paragraph at lines 127--127
[]|\T1/cmr/m/n/10 <ast.Declaration ob-ject
 []


Underfull \hbox (badness 10000) in paragraph at lines 129--129
[]|\T1/cmr/m/n/10 <ast.Declaration ob-ject
 []


Underfull \hbox (badness 10000) in paragraph at lines 131--131
[]|\T1/cmr/m/n/10 <ast.Declaration ob-ject
 []


Overfull \hbox (80.78665pt too wide) in alignment at lines 117--133
 [] [] [] [] [] [] [] 
 []


Underfull \vbox (badness 10000) detected at line 133
 []


Overfull \hbox (1.88083pt too wide) in paragraph at lines 143--143
[]|\T1/cmr/bx/n/10 precision| 
 []


Overfull \hbox (5.11476pt too wide) in paragraph at lines 145--145
[]|\T1/cmr/m/n/10 Subroutine| 
 []


Overfull \hbox (5.11476pt too wide) in paragraph at lines 147--147
[]|\T1/cmr/m/n/10 Subroutine| 
 []


Overfull \hbox (80.78665pt too wide) in alignment at lines 139--149
 [] [] [] [] [] [] [] 
 []


Underfull \vbox (badness 10000) detected at line 149
 []


Overfull \vbox (0.82883pt too high) has occurred while \output is active []


[3]
Overfull \hbox (1.88083pt too wide) in paragraph at lines 159--159
[]|\T1/cmr/bx/n/10 precision| 
 []


Underfull \hbox (badness 10000) in paragraph at lines 161--161
[]|\T1/cmr/m/n/10 <ast.Declaration ob-ject
 []


Underfull \hbox (badness 10000) in paragraph at lines 163--163
[]|\T1/cmr/m/n/10 <ast.Declaration ob-ject
 []


Underfull \hbox (badness 10000) in paragraph at lines 165--165
[]|\T1/cmr/m/n/10 <ast.Declaration ob-ject
 []


Underfull \hbox (badness 10000) in paragraph at lines 167--167
[]|\T1/cmr/m/n/10 <ast.Declaration ob-ject
 []


Overfull \hbox (80.78665pt too wide) in alignment at lines 155--169
 [] [] [] [] [] [] [] 
 []


Underfull \vbox (badness 10000) detected at line 169
 []


Overfull \hbox (1.88083pt too wide) in paragraph at lines 179--179
[]|\T1/cmr/bx/n/10 precision| 
 []


Underfull \hbox (badness 10000) in paragraph at lines 181--181
[]|\T1/cmr/m/n/10 <ast.Declaration ob-ject
 []


Underfull \hbox (badness 10000) in paragraph at lines 183--183
[]|\T1/cmr/m/n/10 <ast.Declaration ob-ject
 []


Underfull \hbox (badness 10000) in paragraph at lines 185--185
[]|\T1/cmr/m/n/10 <ast.Declaration ob-ject
 []


Underfull \hbox (badness 10000) in paragraph at lines 187--187
[]|\T1/cmr/m/n/10 <ast.Declaration ob-ject
 []


Underfull \hbox (badness 10000) in paragraph at lines 189--189
[]|\T1/cmr/m/n/10 <ast.Declaration ob-ject
 []


Overfull \hbox (80.78665pt too wide) in alignment at lines 175--191
 [] [] [] [] [] [] [] 
 []


Underfull \vbox (badness 10000) detected at line 191
 []


Overfull \hbox (1.88083pt too wide) in paragraph at lines 201--201
[]|\T1/cmr/bx/n/10 precision| 
 []


Overfull \hbox (5.11476pt too wide) in paragraph at lines 203--203
[]|\T1/cmr/m/n/10 Subroutine| 
 []


Overfull \hbox (80.78665pt too wide) in alignment at lines 197--205
 [] [] [] [] [] [] [] 
 []

[4]
Underfull \vbox (badness 10000) detected at line 205
 []


Overfull \hbox (1.88083pt too wide) in paragraph at lines 215--215
[]|\T1/cmr/bx/n/10 precision| 
 []


Underfull \hbox (badness 10000) in paragraph at lines 217--217
[]|\T1/cmr/m/n/10 <ast.Declaration ob-ject
 []


Underfull \hbox (badness 10000) in paragraph at lines 219--219
[]|\T1/cmr/m/n/10 <ast.Declaration ob-ject
 []


Underfull \hbox (badness 10000) in paragraph at lines 221--221
[]|\T1/cmr/m/n/10 <ast.Declaration ob-ject
 []


Underfull \hbox (badness 10000) in paragraph at lines 223--223
[]|\T1/cmr/m/n/10 <ast.Declaration ob-ject
 []


Underfull \hbox (badness 10000) in paragraph at lines 225--225
[]|\T1/cmr/m/n/10 <ast.Declaration ob-ject
 []


Underfull \hbox (badness 10000) in paragraph at lines 227--227
[]|\T1/cmr/m/n/10 <ast.Declaration ob-ject
 []


Underfull \hbox (badness 10000) in paragraph at lines 229--229
[]|\T1/cmr/m/n/10 <ast.Declaration ob-ject
 []


Overfull \hbox (80.78665pt too wide) in alignment at lines 211--231
 [] [] [] [] [] [] [] 
 []


Underfull \vbox (badness 10000) detected at line 231
 []


Overfull \hbox (1.88083pt too wide) in paragraph at lines 241--241
[]|\T1/cmr/bx/n/10 precision| 
 []


Overfull \hbox (5.11476pt too wide) in paragraph at lines 243--243
[]|\T1/cmr/m/n/10 Subroutine| 
 []


Overfull \hbox (5.11476pt too wide) in paragraph at lines 245--245
[]|\T1/cmr/m/n/10 Subroutine| 
 []


Overfull \hbox (5.11476pt too wide) in paragraph at lines 247--247
[]|\T1/cmr/m/n/10 Subroutine| 
 []


Overfull \hbox (5.11476pt too wide) in paragraph at lines 249--249
[]|\T1/cmr/m/n/10 Subroutine| 
 []


Overfull \hbox (80.78665pt too wide) in alignment at lines 237--251
 [] [] [] [] [] [] [] 
 []


Underfull \vbox (badness 10000) detected at line 251
 []

[5]
Overfull \hbox (1.88083pt too wide) in paragraph at lines 261--261
[]|\T1/cmr/bx/n/10 precision| 
 []


Underfull \hbox (badness 10000) in paragraph at lines 263--263
[]|\T1/cmr/m/n/10 <ast.Declaration ob-ject
 []


Underfull \hbox (badness 10000) in paragraph at lines 265--265
[]|\T1/cmr/m/n/10 <ast.Declaration ob-ject
 []


Underfull \hbox (badness 10000) in paragraph at lines 267--267
[]|\T1/cmr/m/n/10 <ast.Declaration ob-ject
 []


Underfull \hbox (badness 10000) in paragraph at lines 269--269
[]|\T1/cmr/m/n/10 <ast.Declaration ob-ject
 []


Underfull \hbox (badness 10000) in paragraph at lines 271--271
[]|\T1/cmr/m/n/10 <ast.Declaration ob-ject
 []


Overfull \hbox (80.78665pt too wide) in alignment at lines 257--273
 [] [] [] [] [] [] [] 
 []


Underfull \vbox (badness 10000) detected at line 273
 []


Overfull \hbox (1.88083pt too wide) in paragraph at lines 283--283
[]|\T1/cmr/bx/n/10 precision| 
 []


Underfull \hbox (badness 10000) in paragraph at lines 285--285
[]|\T1/cmr/m/n/10 <ast.Declaration ob-ject
 []


Underfull \hbox (badness 10000) in paragraph at lines 287--287
[]|\T1/cmr/m/n/10 <ast.Declaration ob-ject
 []


Underfull \hbox (badness 10000) in paragraph at lines 289--289
[]|\T1/cmr/m/n/10 <ast.Declaration ob-ject
 []


Underfull \hbox (badness 10000) in paragraph at lines 291--291
[]|\T1/cmr/m/n/10 <ast.Declaration ob-ject
 []


Underfull \hbox (badness 10000) in paragraph at lines 293--293
[]|\T1/cmr/m/n/10 <ast.Declaration ob-ject
 []


Underfull \hbox (badness 10000) in paragraph at lines 295--295
[]|\T1/cmr/m/n/10 <ast.Declaration ob-ject
 []


Underfull \hbox (badness 10000) in paragraph at lines 297--297
[]|\T1/cmr/m/n/10 <ast.Declaration ob-ject
 []


Underfull \hbox (badness 10000) in paragraph at lines 299--299
[]|\T1/cmr/m/n/10 <ast.Declaration ob-ject
 []


Underfull \hbox (badness 10000) in paragraph at lines 301--301
[]|\T1/cmr/m/n/10 <ast.Declaration ob-ject
 []


Underfull \hbox (badness 10000) in paragraph at lines 303--303
[]|\T1/cmr/m/n/10 <ast.Declaration ob-ject
 []


Underfull \hbox (badness 10000) in paragraph at lines 305--305
[]|\T1/cmr/m/n/10 <ast.Declaration ob-ject
 []


Underfull \hbox (badness 10000) in paragraph at lines 307--307
[]|\T1/cmr/m/n/10 <ast.Declaration ob-ject
 []


Underfull \hbox (badness 10000) in paragraph at lines 309--309
[]|\T1/cmr/m/n/10 <ast.Declaration ob-ject
 []


Underfull \hbox (badness 10000) in paragraph at lines 311--311
[]|\T1/cmr/m/n/10 <ast.Declaration ob-ject
 []


Underfull \hbox (badness 10000) in paragraph at lines 313--313
[]|\T1/cmr/m/n/10 <ast.Declaration ob-ject
 []


Underfull \hbox (badness 10000) in paragraph at lines 315--315
[]|\T1/cmr/m/n/10 <ast.Declaration ob-ject
 []


Underfull \hbox (badness 10000) in paragraph at lines 317--317
[]|\T1/cmr/m/n/10 <ast.Declaration ob-ject
 []


Underfull \hbox (badness 10000) in paragraph at lines 319--319
[]|\T1/cmr/m/n/10 <ast.Declaration ob-ject
 []


Overfull \hbox (80.78665pt too wide) in alignment at lines 279--319
 [] [] [] [] [] [] [] 
 []


Underfull \vbox (badness 10000) detected at line 319
 []


Underfull \hbox (badness 10000) in paragraph at lines 321--321
[]|\T1/cmr/m/n/10 <ast.Declaration ob-ject
 []


Underfull \hbox (badness 10000) in paragraph at lines 323--323
[]|\T1/cmr/m/n/10 <ast.Declaration ob-ject
 []


Overfull \hbox (80.78665pt too wide) in alignment at lines 319--325
 [] [] [] [] [] [] [] 
 []

[6] [7]
Overfull \hbox (1.88083pt too wide) in paragraph at lines 335--335
[]|\T1/cmr/bx/n/10 precision| 
 []


Underfull \hbox (badness 10000) in paragraph at lines 337--337
[]|\T1/cmr/m/n/10 <ast.Declaration ob-ject
 []


Underfull \hbox (badness 10000) in paragraph at lines 339--339
[]|\T1/cmr/m/n/10 <ast.Declaration ob-ject
 []


Underfull \hbox (badness 10000) in paragraph at lines 341--341
[]|\T1/cmr/m/n/10 <ast.Declaration ob-ject
 []


Underfull \hbox (badness 10000) in paragraph at lines 343--343
[]|\T1/cmr/m/n/10 <ast.Declaration ob-ject
 []


Underfull \hbox (badness 10000) in paragraph at lines 345--345
[]|\T1/cmr/m/n/10 <ast.Declaration ob-ject
 []


Underfull \hbox (badness 10000) in paragraph at lines 347--347
[]|\T1/cmr/m/n/10 <ast.Declaration ob-ject
 []


Underfull \hbox (badness 10000) in paragraph at lines 349--349
[]|\T1/cmr/m/n/10 <ast.Declaration ob-ject
 []


Underfull \hbox (badness 10000) in paragraph at lines 351--351
[]|\T1/cmr/m/n/10 <ast.Declaration ob-ject
 []


Underfull \hbox (badness 10000) in paragraph at lines 353--353
[]|\T1/cmr/m/n/10 <ast.Declaration ob-ject
 []


Underfull \hbox (badness 10000) in paragraph at lines 355--355
[]|\T1/cmr/m/n/10 <ast.Declaration ob-ject
 []


Underfull \hbox (badness 10000) in paragraph at lines 357--357
[]|\T1/cmr/m/n/10 <ast.Declaration ob-ject
 []


Overfull \hbox (80.78665pt too wide) in alignment at lines 331--359
 [] [] [] [] [] [] [] 
 []


Underfull \vbox (badness 10000) detected at line 359
 []


Overfull \hbox (1.88083pt too wide) in paragraph at lines 369--369
[]|\T1/cmr/bx/n/10 precision| 
 []


Underfull \hbox (badness 10000) in paragraph at lines 371--371
[]|\T1/cmr/m/n/10 <ast.Declaration ob-ject
 []


Underfull \hbox (badness 10000) in paragraph at lines 373--373
[]|\T1/cmr/m/n/10 <ast.Declaration ob-ject
 []


Underfull \hbox (badness 10000) in paragraph at lines 375--375
[]|\T1/cmr/m/n/10 <ast.Declaration ob-ject
 []


Underfull \hbox (badness 10000) in paragraph at lines 377--377
[]|\T1/cmr/m/n/10 <ast.Declaration ob-ject
 []


Underfull \hbox (badness 10000) in paragraph at lines 379--379
[]|\T1/cmr/m/n/10 <ast.Declaration ob-ject
 []


Underfull \hbox (badness 10000) in paragraph at lines 381--381
[]|\T1/cmr/m/n/10 <ast.Declaration ob-ject
 []


Underfull \hbox (badness 10000) in paragraph at lines 383--383
[]|\T1/cmr/m/n/10 <ast.Declaration ob-ject
 []


Underfull \hbox (badness 10000) in paragraph at lines 385--385
[]|\T1/cmr/m/n/10 <ast.Declaration ob-ject
 []


Underfull \hbox (badness 10000) in paragraph at lines 387--387
[]|\T1/cmr/m/n/10 <ast.Declaration ob-ject
 []


Underfull \hbox (badness 10000) in paragraph at lines 389--389
[]|\T1/cmr/m/n/10 <ast.Declaration ob-ject
 []


Underfull \hbox (badness 10000) in paragraph at lines 391--391
[]|\T1/cmr/m/n/10 <ast.Declaration ob-ject
 []


Underfull \hbox (badness 10000) in paragraph at lines 393--393
[]|\T1/cmr/m/n/10 <ast.Declaration ob-ject
 []


Underfull \hbox (badness 10000) in paragraph at lines 395--395
[]|\T1/cmr/m/n/10 <ast.Declaration ob-ject
 []


Underfull \hbox (badness 10000) in paragraph at lines 397--397
[]|\T1/cmr/m/n/10 <ast.Declaration ob-ject
 []


Underfull \hbox (badness 10000) in paragraph at lines 399--399
[]|\T1/cmr/m/n/10 <ast.Declaration ob-ject
 []


Underfull \hbox (badness 10000) in paragraph at lines 401--401
[]|\T1/cmr/m/n/10 <ast.Declaration ob-ject
 []


Underfull \hbox (badness 10000) in paragraph at lines 403--403
[]|\T1/cmr/m/n/10 <ast.Declaration ob-ject
 []


Underfull \hbox (badness 10000) in paragraph at lines 405--405
[]|\T1/cmr/m/n/10 <ast.Declaration ob-ject
 []


Overfull \hbox (80.78665pt too wide) in alignment at lines 365--405
 [] [] [] [] [] [] [] 
 []


Underfull \vbox (badness 10000) detected at line 405
 []

[8]
Underfull \hbox (badness 10000) in paragraph at lines 407--407
[]|\T1/cmr/m/n/10 <ast.Declaration ob-ject
 []


Underfull \hbox (badness 10000) in paragraph at lines 409--409
[]|\T1/cmr/m/n/10 <ast.Declaration ob-ject
 []


Underfull \hbox (badness 10000) in paragraph at lines 411--411
[]|\T1/cmr/m/n/10 <ast.Declaration ob-ject
 []


Underfull \hbox (badness 10000) in paragraph at lines 413--413
[]|\T1/cmr/m/n/10 <ast.Declaration ob-ject
 []


Underfull \hbox (badness 10000) in paragraph at lines 415--415
[]|\T1/cmr/m/n/10 <ast.Declaration ob-ject
 []


Underfull \hbox (badness 10000) in paragraph at lines 417--417
[]|\T1/cmr/m/n/10 <ast.Declaration ob-ject
 []


Underfull \hbox (badness 10000) in paragraph at lines 419--419
[]|\T1/cmr/m/n/10 <ast.Declaration ob-ject
 []


Underfull \hbox (badness 10000) in paragraph at lines 421--421
[]|\T1/cmr/m/n/10 <ast.Declaration ob-ject
 []


Underfull \hbox (badness 10000) in paragraph at lines 423--423
[]|\T1/cmr/m/n/10 <ast.Declaration ob-ject
 []


Overfull \hbox (80.78665pt too wide) in alignment at lines 405--425
 [] [] [] [] [] [] [] 
 []

[9]
Overfull \hbox (1.88083pt too wide) in paragraph at lines 435--435
[]|\T1/cmr/bx/n/10 precision| 
 []


Overfull \hbox (3.44087pt too wide) in paragraph at lines 437--437
[]|\T1/cmr/m/n/10 result(x_can)| 
 []


Underfull \hbox (badness 2293) in paragraph at lines 437--437
[]|\T1/cmr/m/n/10 <ast.Function ob-ject at
 []


Overfull \hbox (80.78665pt too wide) in alignment at lines 431--439
 [] [] [] [] [] [] [] 
 []


Underfull \vbox (badness 10000) detected at line 439
 []


Overfull \hbox (1.88083pt too wide) in paragraph at lines 449--449
[]|\T1/cmr/bx/n/10 precision| 
 []


Underfull \hbox (badness 10000) in paragraph at lines 451--451
[]|\T1/cmr/m/n/10 <ast.Declaration ob-ject
 []


Underfull \hbox (badness 10000) in paragraph at lines 453--453
[]|\T1/cmr/m/n/10 <ast.Declaration ob-ject
 []


Underfull \hbox (badness 10000) in paragraph at lines 455--455
[]|\T1/cmr/m/n/10 <ast.Declaration ob-ject
 []


Underfull \hbox (badness 10000) in paragraph at lines 457--457
[]|\T1/cmr/m/n/10 <ast.Declaration ob-ject
 []


Underfull \hbox (badness 10000) in paragraph at lines 459--459
[]|\T1/cmr/m/n/10 <ast.Declaration ob-ject
 []


Underfull \hbox (badness 10000) in paragraph at lines 461--461
[]|\T1/cmr/m/n/10 <ast.Declaration ob-ject
 []


Underfull \hbox (badness 10000) in paragraph at lines 463--463
[]|\T1/cmr/m/n/10 <ast.Declaration ob-ject
 []


Underfull \hbox (badness 10000) in paragraph at lines 465--465
[]|\T1/cmr/m/n/10 <ast.Declaration ob-ject
 []


Underfull \hbox (badness 10000) in paragraph at lines 467--467
[]|\T1/cmr/m/n/10 <ast.Declaration ob-ject
 []


Underfull \hbox (badness 10000) in paragraph at lines 469--469
[]|\T1/cmr/m/n/10 <ast.Declaration ob-ject
 []


Underfull \hbox (badness 10000) in paragraph at lines 471--471
[]|\T1/cmr/m/n/10 <ast.Declaration ob-ject
 []


Underfull \hbox (badness 10000) in paragraph at lines 473--473
[]|\T1/cmr/m/n/10 <ast.Declaration ob-ject
 []


Underfull \hbox (badness 10000) in paragraph at lines 475--475
[]|\T1/cmr/m/n/10 <ast.Declaration ob-ject
 []


Underfull \hbox (badness 10000) in paragraph at lines 477--477
[]|\T1/cmr/m/n/10 <ast.Declaration ob-ject
 []


Underfull \hbox (badness 10000) in paragraph at lines 479--479
[]|\T1/cmr/m/n/10 <ast.Declaration ob-ject
 []


Underfull \hbox (badness 10000) in paragraph at lines 481--481
[]|\T1/cmr/m/n/10 <ast.Declaration ob-ject
 []


Underfull \hbox (badness 10000) in paragraph at lines 483--483
[]|\T1/cmr/m/n/10 <ast.Declaration ob-ject
 []


Overfull \hbox (5.11476pt too wide) in paragraph at lines 485--485
[]|\T1/cmr/m/n/10 Subroutine| 
 []


Overfull \hbox (80.78665pt too wide) in alignment at lines 445--485
 [] [] [] [] [] [] [] 
 []


Underfull \vbox (badness 10000) detected at line 485
 []

[10]
Overfull \hbox (80.78665pt too wide) in alignment at lines 485--487
 [] [] [] [] [] [] [] 
 []

[11]
Overfull \hbox (1.88083pt too wide) in paragraph at lines 497--497
[]|\T1/cmr/bx/n/10 precision| 
 []


Underfull \hbox (badness 10000) in paragraph at lines 499--499
[]|\T1/cmr/m/n/10 <ast.Declaration ob-ject
 []


Underfull \hbox (badness 10000) in paragraph at lines 501--501
[]|\T1/cmr/m/n/10 <ast.Declaration ob-ject
 []


Underfull \hbox (badness 10000) in paragraph at lines 503--503
[]|\T1/cmr/m/n/10 <ast.Declaration ob-ject
 []


Underfull \hbox (badness 10000) in paragraph at lines 505--505
[]|\T1/cmr/m/n/10 <ast.Declaration ob-ject
 []


Underfull \hbox (badness 10000) in paragraph at lines 507--507
[]|\T1/cmr/m/n/10 <ast.Declaration ob-ject
 []


Underfull \hbox (badness 10000) in paragraph at lines 509--509
[]|\T1/cmr/m/n/10 <ast.Declaration ob-ject
 []


Underfull \hbox (badness 10000) in paragraph at lines 511--511
[]|\T1/cmr/m/n/10 <ast.Declaration ob-ject
 []


Underfull \hbox (badness 10000) in paragraph at lines 513--513
[]|\T1/cmr/m/n/10 <ast.Declaration ob-ject
 []


Underfull \hbox (badness 10000) in paragraph at lines 515--515
[]|\T1/cmr/m/n/10 <ast.Declaration ob-ject
 []


Underfull \hbox (badness 10000) in paragraph at lines 517--517
[]|\T1/cmr/m/n/10 <ast.Declaration ob-ject
 []


Overfull \hbox (80.78665pt too wide) in alignment at lines 493--519
 [] [] [] [] [] [] [] 
 []


Underfull \vbox (badness 10000) detected at line 519
 []


Overfull \hbox (1.88083pt too wide) in paragraph at lines 529--529
[]|\T1/cmr/bx/n/10 precision| 
 []


Overfull \hbox (3.71858pt too wide) in paragraph at lines 531--531
[]|\T1/cmr/m/n/10 result(amean)| 
 []


Underfull \hbox (badness 2293) in paragraph at lines 531--531
[]|\T1/cmr/m/n/10 <ast.Function ob-ject at
 []


Overfull \hbox (3.71858pt too wide) in paragraph at lines 533--533
[]|\T1/cmr/m/n/10 result(amean)| 
 []


Underfull \hbox (badness 2293) in paragraph at lines 533--533
[]|\T1/cmr/m/n/10 <ast.Function ob-ject at
 []


Overfull \hbox (3.71858pt too wide) in paragraph at lines 535--535
[]|\T1/cmr/m/n/10 result(gmean)| 
 []


Underfull \hbox (badness 2293) in paragraph at lines 535--535
[]|\T1/cmr/m/n/10 <ast.Function ob-ject at
 []


Overfull \hbox (3.71858pt too wide) in paragraph at lines 537--537
[]|\T1/cmr/m/n/10 result(gmean)| 
 []


Underfull \hbox (badness 2293) in paragraph at lines 537--537
[]|\T1/cmr/m/n/10 <ast.Function ob-ject at
 []


Overfull \hbox (4.274pt too wide) in paragraph at lines 539--539
[]|\T1/cmr/m/n/10 result(hmean)| 
 []


Underfull \hbox (badness 2293) in paragraph at lines 539--539
[]|\T1/cmr/m/n/10 <ast.Function ob-ject at
 []


Overfull \hbox (4.274pt too wide) in paragraph at lines 541--541
[]|\T1/cmr/m/n/10 result(hmean)| 
 []


Underfull \hbox (badness 2293) in paragraph at lines 541--541
[]|\T1/cmr/m/n/10 <ast.Function ob-ject at
 []


Overfull \hbox (80.78665pt too wide) in alignment at lines 525--543
 [] [] [] [] [] [] [] 
 []


Underfull \vbox (badness 10000) detected at line 543
 []

[12]
Overfull \hbox (1.88083pt too wide) in paragraph at lines 553--553
[]|\T1/cmr/bx/n/10 precision| 
 []


Underfull \hbox (badness 10000) in paragraph at lines 555--555
[]|\T1/cmr/m/n/10 <ast.Declaration ob-ject
 []


Underfull \hbox (badness 10000) in paragraph at lines 557--557
[]|\T1/cmr/m/n/10 <ast.Declaration ob-ject
 []


Overfull \hbox (80.78665pt too wide) in alignment at lines 549--559
 [] [] [] [] [] [] [] 
 []


Underfull \vbox (badness 10000) detected at line 559
 []


Overfull \hbox (1.88083pt too wide) in paragraph at lines 569--569
[]|\T1/cmr/bx/n/10 precision| 
 []


Underfull \hbox (badness 10000) in paragraph at lines 571--571
[]|\T1/cmr/m/n/10 <ast.Declaration ob-ject
 []


Underfull \hbox (badness 10000) in paragraph at lines 573--573
[]|\T1/cmr/m/n/10 <ast.Declaration ob-ject
 []


Overfull \hbox (80.78665pt too wide) in alignment at lines 565--575
 [] [] [] [] [] [] [] 
 []


Underfull \vbox (badness 10000) detected at line 575
 []

[13]
Overfull \hbox (1.88083pt too wide) in paragraph at lines 585--585
[]|\T1/cmr/bx/n/10 precision| 
 []


Underfull \hbox (badness 10000) in paragraph at lines 587--587
[]|\T1/cmr/m/n/10 <ast.Declaration ob-ject
 []


Underfull \hbox (badness 10000) in paragraph at lines 589--589
[]|\T1/cmr/m/n/10 <ast.Declaration ob-ject
 []


Overfull \hbox (80.78665pt too wide) in alignment at lines 581--591
 [] [] [] [] [] [] [] 
 []


Underfull \vbox (badness 10000) detected at line 591
 []


Overfull \hbox (1.88083pt too wide) in paragraph at lines 601--601
[]|\T1/cmr/bx/n/10 precision| 
 []


Underfull \hbox (badness 10000) in paragraph at lines 603--603
[]|\T1/cmr/m/n/10 <ast.Declaration ob-ject
 []


Underfull \hbox (badness 10000) in paragraph at lines 605--605
[]|\T1/cmr/m/n/10 <ast.Declaration ob-ject
 []


Overfull \hbox (80.78665pt too wide) in alignment at lines 597--607
 [] [] [] [] [] [] [] 
 []


Underfull \vbox (badness 10000) detected at line 607
 []


Overfull \hbox (1.88083pt too wide) in paragraph at lines 617--617
[]|\T1/cmr/bx/n/10 precision| 
 []


Underfull \hbox (badness 10000) in paragraph at lines 619--619
[]|\T1/cmr/m/n/10 <ast.Declaration ob-ject
 []


Underfull \hbox (badness 10000) in paragraph at lines 621--621
[]|\T1/cmr/m/n/10 <ast.Declaration ob-ject
 []


Overfull \hbox (80.78665pt too wide) in alignment at lines 613--623
 [] [] [] [] [] [] [] 
 []


Underfull \vbox (badness 10000) detected at line 623
 []

[14]
Overfull \hbox (1.88083pt too wide) in paragraph at lines 633--633
[]|\T1/cmr/bx/n/10 precision| 
 []


Underfull \hbox (badness 10000) in paragraph at lines 635--635
[]|\T1/cmr/m/n/10 <ast.Declaration ob-ject
 []


Underfull \hbox (badness 10000) in paragraph at lines 637--637
[]|\T1/cmr/m/n/10 <ast.Declaration ob-ject
 []


Overfull \hbox (80.78665pt too wide) in alignment at lines 629--639
 [] [] [] [] [] [] [] 
 []


Underfull \vbox (badness 10000) detected at line 639
 []


Overfull \hbox (1.88083pt too wide) in paragraph at lines 649--649
[]|\T1/cmr/bx/n/10 precision| 
 []


Overfull \hbox (5.11476pt too wide) in paragraph at lines 651--651
[]|\T1/cmr/m/n/10 Subroutine| 
 []


Overfull \hbox (5.11476pt too wide) in paragraph at lines 653--653
[]|\T1/cmr/m/n/10 Subroutine| 
 []


Overfull \hbox (5.11476pt too wide) in paragraph at lines 655--655
[]|\T1/cmr/m/n/10 Subroutine| 
 []


Overfull \hbox (80.78665pt too wide) in alignment at lines 645--657
 [] [] [] [] [] [] [] 
 []


Underfull \vbox (badness 10000) detected at line 657
 []


Overfull \hbox (1.88083pt too wide) in paragraph at lines 667--667
[]|\T1/cmr/bx/n/10 precision| 
 []


Underfull \hbox (badness 10000) in paragraph at lines 669--669
[]|\T1/cmr/m/n/10 <ast.Declaration ob-ject
 []


Underfull \hbox (badness 10000) in paragraph at lines 671--671
[]|\T1/cmr/m/n/10 <ast.Declaration ob-ject
 []


Underfull \hbox (badness 10000) in paragraph at lines 673--673
[]|\T1/cmr/m/n/10 <ast.Declaration ob-ject
 []


Underfull \hbox (badness 10000) in paragraph at lines 675--675
[]|\T1/cmr/m/n/10 <ast.Declaration ob-ject
 []


Underfull \hbox (badness 10000) in paragraph at lines 677--677
[]|\T1/cmr/m/n/10 <ast.Declaration ob-ject
 []


Underfull \hbox (badness 10000) in paragraph at lines 679--679
[]|\T1/cmr/m/n/10 <ast.Declaration ob-ject
 []


Underfull \hbox (badness 10000) in paragraph at lines 681--681
[]|\T1/cmr/m/n/10 <ast.Declaration ob-ject
 []


Underfull \hbox (badness 10000) in paragraph at lines 683--683
[]|\T1/cmr/m/n/10 <ast.Declaration ob-ject
 []


Underfull \hbox (badness 10000) in paragraph at lines 685--685
[]|\T1/cmr/m/n/10 <ast.Declaration ob-ject
 []


Overfull \hbox (1.13588pt too wide) in paragraph at lines 687--687
[]|\T1/cmr/m/n/10 ['allocatable']| 
 []


Underfull \hbox (badness 10000) in paragraph at lines 687--687
[]|\T1/cmr/m/n/10 <ast.Declaration ob-ject
 []


Overfull \hbox (1.13588pt too wide) in paragraph at lines 689--689
[]|\T1/cmr/m/n/10 ['allocatable']| 
 []


Underfull \hbox (badness 10000) in paragraph at lines 689--689
[]|\T1/cmr/m/n/10 <ast.Declaration ob-ject
 []


Overfull \hbox (80.78665pt too wide) in alignment at lines 663--691
 [] [] [] [] [] [] [] 
 []


Underfull \vbox (badness 10000) detected at line 691
 []

[15]
Overfull \hbox (1.88083pt too wide) in paragraph at lines 701--701
[]|\T1/cmr/bx/n/10 precision| 
 []


Underfull \hbox (badness 10000) in paragraph at lines 703--703
[]|\T1/cmr/m/n/10 <ast.Declaration ob-ject
 []


Overfull \hbox (80.78665pt too wide) in alignment at lines 697--705
 [] [] [] [] [] [] [] 
 []


Underfull \vbox (badness 10000) detected at line 705
 []


Overfull \hbox (1.88083pt too wide) in paragraph at lines 715--715
[]|\T1/cmr/bx/n/10 precision| 
 []


Underfull \hbox (badness 10000) in paragraph at lines 717--717
[]|\T1/cmr/m/n/10 <ast.Declaration ob-ject
 []


Underfull \hbox (badness 10000) in paragraph at lines 719--719
[]|\T1/cmr/m/n/10 <ast.Declaration ob-ject
 []


Underfull \hbox (badness 10000) in paragraph at lines 721--721
[]|\T1/cmr/m/n/10 <ast.Declaration ob-ject
 []


Underfull \hbox (badness 10000) in paragraph at lines 723--723
[]|\T1/cmr/m/n/10 <ast.Declaration ob-ject
 []


Overfull \hbox (80.78665pt too wide) in alignment at lines 711--725
 [] [] [] [] [] [] [] 
 []


Underfull \vbox (badness 10000) detected at line 725
 []

[16]
Overfull \hbox (1.88083pt too wide) in paragraph at lines 735--735
[]|\T1/cmr/bx/n/10 precision| 
 []


Overfull \hbox (5.11476pt too wide) in paragraph at lines 737--737
[]|\T1/cmr/m/n/10 Subroutine| 
 []


Overfull \hbox (5.11476pt too wide) in paragraph at lines 739--739
[]|\T1/cmr/m/n/10 Subroutine| 
 []


Overfull \hbox (5.11476pt too wide) in paragraph at lines 741--741
[]|\T1/cmr/m/n/10 Subroutine| 
 []


Overfull \hbox (5.11476pt too wide) in paragraph at lines 743--743
[]|\T1/cmr/m/n/10 Subroutine| 
 []


Overfull \hbox (80.78665pt too wide) in alignment at lines 731--745
 [] [] [] [] [] [] [] 
 []


Underfull \vbox (badness 10000) detected at line 745
 []


Overfull \hbox (1.88083pt too wide) in paragraph at lines 755--755
[]|\T1/cmr/bx/n/10 precision| 
 []


Underfull \hbox (badness 10000) in paragraph at lines 757--757
[]|\T1/cmr/m/n/10 <ast.Declaration ob-ject
 []


Overfull \hbox (1.96901pt too wide) in paragraph at lines 759--759
[]|\T1/cmr/m/n/10 ['intent(out)']| 
 []


Underfull \hbox (badness 10000) in paragraph at lines 759--759
[]|\T1/cmr/m/n/10 <ast.Declaration ob-ject
 []


Overfull \hbox (1.96901pt too wide) in paragraph at lines 761--761
[]|\T1/cmr/m/n/10 ['intent(out)']| 
 []


Underfull \hbox (badness 10000) in paragraph at lines 761--761
[]|\T1/cmr/m/n/10 <ast.Declaration ob-ject
 []


Underfull \hbox (badness 10000) in paragraph at lines 763--763
[]|\T1/cmr/m/n/10 <ast.Declaration ob-ject
 []


Underfull \hbox (badness 10000) in paragraph at lines 765--765
[]|\T1/cmr/m/n/10 <ast.Declaration ob-ject
 []


Underfull \hbox (badness 10000) in paragraph at lines 767--767
[]|\T1/cmr/m/n/10 <ast.Declaration ob-ject
 []


Underfull \hbox (badness 10000) in paragraph at lines 769--769
[]|\T1/cmr/m/n/10 <ast.Declaration ob-ject
 []


Overfull \hbox (80.78665pt too wide) in alignment at lines 751--771
 [] [] [] [] [] [] [] 
 []


Underfull \vbox (badness 10000) detected at line 771
 []

[17]
Overfull \hbox (1.88083pt too wide) in paragraph at lines 781--781
[]|\T1/cmr/bx/n/10 precision| 
 []


Underfull \hbox (badness 10000) in paragraph at lines 783--783
[]|\T1/cmr/m/n/10 <ast.Declaration ob-ject
 []


Overfull \hbox (1.96901pt too wide) in paragraph at lines 785--785
[]|\T1/cmr/m/n/10 ['intent(out)']| 
 []


Underfull \hbox (badness 10000) in paragraph at lines 785--785
[]|\T1/cmr/m/n/10 <ast.Declaration ob-ject
 []


Overfull \hbox (1.96901pt too wide) in paragraph at lines 787--787
[]|\T1/cmr/m/n/10 ['intent(out)']| 
 []


Underfull \hbox (badness 10000) in paragraph at lines 787--787
[]|\T1/cmr/m/n/10 <ast.Declaration ob-ject
 []


Overfull \hbox (80.78665pt too wide) in alignment at lines 777--789
 [] [] [] [] [] [] [] 
 []


Underfull \vbox (badness 10000) detected at line 789
 []


Overfull \hbox (1.88083pt too wide) in paragraph at lines 799--799
[]|\T1/cmr/bx/n/10 precision| 
 []


Underfull \hbox (badness 10000) in paragraph at lines 801--801
[]|\T1/cmr/m/n/10 <ast.Declaration ob-ject
 []


Underfull \hbox (badness 10000) in paragraph at lines 803--803
[]|\T1/cmr/m/n/10 <ast.Declaration ob-ject
 []


Underfull \hbox (badness 10000) in paragraph at lines 805--805
[]|\T1/cmr/m/n/10 <ast.Declaration ob-ject
 []


Underfull \hbox (badness 10000) in paragraph at lines 807--807
[]|\T1/cmr/m/n/10 <ast.Declaration ob-ject
 []


Overfull \hbox (80.78665pt too wide) in alignment at lines 795--809
 [] [] [] [] [] [] [] 
 []


Underfull \vbox (badness 10000) detected at line 809
 []

[18]
Overfull \hbox (1.88083pt too wide) in paragraph at lines 819--819
[]|\T1/cmr/bx/n/10 precision| 
 []


Underfull \hbox (badness 10000) in paragraph at lines 821--821
[]|\T1/cmr/m/n/10 <ast.Declaration ob-ject
 []


Underfull \hbox (badness 10000) in paragraph at lines 823--823
[]|\T1/cmr/m/n/10 <ast.Declaration ob-ject
 []


Underfull \hbox (badness 10000) in paragraph at lines 825--825
[]|\T1/cmr/m/n/10 <ast.Declaration ob-ject
 []


Underfull \hbox (badness 10000) in paragraph at lines 827--827
[]|\T1/cmr/m/n/10 <ast.Declaration ob-ject
 []


Underfull \hbox (badness 10000) in paragraph at lines 829--829
[]|\T1/cmr/m/n/10 <ast.Declaration ob-ject
 []


Overfull \hbox (80.78665pt too wide) in alignment at lines 815--831
 [] [] [] [] [] [] [] 
 []


Underfull \vbox (badness 10000) detected at line 831
 []


Overfull \hbox (1.88083pt too wide) in paragraph at lines 841--841
[]|\T1/cmr/bx/n/10 precision| 
 []


Underfull \hbox (badness 2293) in paragraph at lines 843--843
[]|\T1/cmr/m/n/10 <ast.Function ob-ject at
 []


Underfull \hbox (badness 2293) in paragraph at lines 845--845
[]|\T1/cmr/m/n/10 <ast.Function ob-ject at
 []


Underfull \hbox (badness 2293) in paragraph at lines 847--847
[]|\T1/cmr/m/n/10 <ast.Function ob-ject at
 []


Overfull \hbox (5.11476pt too wide) in paragraph at lines 849--849
[]|\T1/cmr/m/n/10 Subroutine| 
 []


Overfull \hbox (5.11476pt too wide) in paragraph at lines 851--851
[]|\T1/cmr/m/n/10 Subroutine| 
 []


Overfull \hbox (5.11476pt too wide) in paragraph at lines 853--853
[]|\T1/cmr/m/n/10 Subroutine| 
 []


Underfull \hbox (badness 2293) in paragraph at lines 855--855
[]|\T1/cmr/m/n/10 <ast.Function ob-ject at
 []


Overfull \hbox (80.78665pt too wide) in alignment at lines 837--857
 [] [] [] [] [] [] [] 
 []


Underfull \vbox (badness 10000) detected at line 857
 []

[19]
Overfull \hbox (1.88083pt too wide) in paragraph at lines 867--867
[]|\T1/cmr/bx/n/10 precision| 
 []


Underfull \hbox (badness 10000) in paragraph at lines 869--869
[]|\T1/cmr/m/n/10 <ast.Declaration ob-ject
 []


Underfull \hbox (badness 10000) in paragraph at lines 871--871
[]|\T1/cmr/m/n/10 <ast.Declaration ob-ject
 []


Underfull \hbox (badness 10000) in paragraph at lines 873--873
[]|\T1/cmr/m/n/10 <ast.Declaration ob-ject
 []


Overfull \hbox (80.78665pt too wide) in alignment at lines 863--875
 [] [] [] [] [] [] [] 
 []


Underfull \vbox (badness 10000) detected at line 875
 []


Overfull \hbox (1.88083pt too wide) in paragraph at lines 885--885
[]|\T1/cmr/bx/n/10 precision| 
 []


Underfull \hbox (badness 10000) in paragraph at lines 887--887
[]|\T1/cmr/m/n/10 <ast.Declaration ob-ject
 []


Underfull \hbox (badness 10000) in paragraph at lines 889--889
[]|\T1/cmr/m/n/10 <ast.Declaration ob-ject
 []


Underfull \hbox (badness 10000) in paragraph at lines 891--891
[]|\T1/cmr/m/n/10 <ast.Declaration ob-ject
 []


Underfull \hbox (badness 10000) in paragraph at lines 893--893
[]|\T1/cmr/m/n/10 <ast.Declaration ob-ject
 []


Underfull \hbox (badness 10000) in paragraph at lines 895--895
[]|\T1/cmr/m/n/10 <ast.Declaration ob-ject
 []


Underfull \hbox (badness 10000) in paragraph at lines 897--897
[]|\T1/cmr/m/n/10 <ast.Declaration ob-ject
 []


Overfull \hbox (80.78665pt too wide) in alignment at lines 881--899
 [] [] [] [] [] [] [] 
 []


Underfull \vbox (badness 10000) detected at line 899
 []

[20]
Overfull \hbox (1.88083pt too wide) in paragraph at lines 909--909
[]|\T1/cmr/bx/n/10 precision| 
 []


Underfull \hbox (badness 10000) in paragraph at lines 911--911
[]|\T1/cmr/m/n/10 <ast.Declaration ob-ject
 []


Underfull \hbox (badness 10000) in paragraph at lines 913--913
[]|\T1/cmr/m/n/10 <ast.Declaration ob-ject
 []


Underfull \hbox (badness 10000) in paragraph at lines 915--915
[]|\T1/cmr/m/n/10 <ast.Declaration ob-ject
 []


Underfull \hbox (badness 10000) in paragraph at lines 917--917
[]|\T1/cmr/m/n/10 <ast.Declaration ob-ject
 []


Underfull \hbox (badness 10000) in paragraph at lines 919--919
[]|\T1/cmr/m/n/10 <ast.Declaration ob-ject
 []


Overfull \hbox (80.78665pt too wide) in alignment at lines 905--921
 [] [] [] [] [] [] [] 
 []


Underfull \vbox (badness 10000) detected at line 921
 []


Overfull \hbox (1.88083pt too wide) in paragraph at lines 931--931
[]|\T1/cmr/bx/n/10 precision| 
 []


Underfull \hbox (badness 10000) in paragraph at lines 933--933
[]|\T1/cmr/m/n/10 <ast.Declaration ob-ject
 []


Underfull \hbox (badness 10000) in paragraph at lines 935--935
[]|\T1/cmr/m/n/10 <ast.Declaration ob-ject
 []


Underfull \hbox (badness 10000) in paragraph at lines 937--937
[]|\T1/cmr/m/n/10 <ast.Declaration ob-ject
 []


Overfull \hbox (1.96901pt too wide) in paragraph at lines 939--939
[]|\T1/cmr/m/n/10 ['intent(out)']| 
 []


Underfull \hbox (badness 10000) in paragraph at lines 939--939
[]|\T1/cmr/m/n/10 <ast.Declaration ob-ject
 []


Overfull \hbox (1.96901pt too wide) in paragraph at lines 941--941
[]|\T1/cmr/m/n/10 ['intent(out)']| 
 []


Underfull \hbox (badness 10000) in paragraph at lines 941--941
[]|\T1/cmr/m/n/10 <ast.Declaration ob-ject
 []


Overfull \hbox (1.96901pt too wide) in paragraph at lines 943--943
[]|\T1/cmr/m/n/10 ['intent(out)']| 
 []


Underfull \hbox (badness 10000) in paragraph at lines 943--943
[]|\T1/cmr/m/n/10 <ast.Declaration ob-ject
 []


Overfull \hbox (80.78665pt too wide) in alignment at lines 927--945
 [] [] [] [] [] [] [] 
 []


Underfull \vbox (badness 10000) detected at line 945
 []

[21]
Overfull \hbox (1.88083pt too wide) in paragraph at lines 955--955
[]|\T1/cmr/bx/n/10 precision| 
 []


Underfull \hbox (badness 10000) in paragraph at lines 957--957
[]|\T1/cmr/m/n/10 <ast.Declaration ob-ject
 []


Underfull \hbox (badness 10000) in paragraph at lines 959--959
[]|\T1/cmr/m/n/10 <ast.Declaration ob-ject
 []


Underfull \hbox (badness 10000) in paragraph at lines 961--961
[]|\T1/cmr/m/n/10 <ast.Declaration ob-ject
 []


Overfull \hbox (1.96901pt too wide) in paragraph at lines 963--963
[]|\T1/cmr/m/n/10 ['intent(out)']| 
 []


Underfull \hbox (badness 10000) in paragraph at lines 963--963
[]|\T1/cmr/m/n/10 <ast.Declaration ob-ject
 []


Overfull \hbox (1.96901pt too wide) in paragraph at lines 965--965
[]|\T1/cmr/m/n/10 ['intent(out)']| 
 []


Underfull \hbox (badness 10000) in paragraph at lines 965--965
[]|\T1/cmr/m/n/10 <ast.Declaration ob-ject
 []


Overfull \hbox (1.96901pt too wide) in paragraph at lines 967--967
[]|\T1/cmr/m/n/10 ['intent(out)']| 
 []


Underfull \hbox (badness 10000) in paragraph at lines 967--967
[]|\T1/cmr/m/n/10 <ast.Declaration ob-ject
 []


Underfull \hbox (badness 10000) in paragraph at lines 969--969
[]|\T1/cmr/m/n/10 <ast.Declaration ob-ject
 []


Underfull \hbox (badness 10000) in paragraph at lines 971--971
[]|\T1/cmr/m/n/10 <ast.Declaration ob-ject
 []


Underfull \hbox (badness 10000) in paragraph at lines 973--973
[]|\T1/cmr/m/n/10 <ast.Declaration ob-ject
 []


Underfull \hbox (badness 10000) in paragraph at lines 975--975
[]|\T1/cmr/m/n/10 <ast.Declaration ob-ject
 []


Underfull \hbox (badness 10000) in paragraph at lines 977--977
[]|\T1/cmr/m/n/10 <ast.Declaration ob-ject
 []


Underfull \hbox (badness 10000) in paragraph at lines 979--979
[]|\T1/cmr/m/n/10 <ast.Declaration ob-ject
 []


Underfull \hbox (badness 10000) in paragraph at lines 981--981
[]|\T1/cmr/m/n/10 <ast.Declaration ob-ject
 []


Underfull \hbox (badness 10000) in paragraph at lines 983--983
[]|\T1/cmr/m/n/10 <ast.Declaration ob-ject
 []


Underfull \hbox (badness 10000) in paragraph at lines 985--985
[]|\T1/cmr/m/n/10 <ast.Declaration ob-ject
 []


Underfull \hbox (badness 10000) in paragraph at lines 987--987
[]|\T1/cmr/m/n/10 <ast.Declaration ob-ject
 []


Underfull \hbox (badness 10000) in paragraph at lines 989--989
[]|\T1/cmr/m/n/10 <ast.Declaration ob-ject
 []


Underfull \hbox (badness 10000) in paragraph at lines 991--991
[]|\T1/cmr/m/n/10 <ast.Declaration ob-ject
 []


Overfull \hbox (80.78665pt too wide) in alignment at lines 951--991
 [] [] [] [] [] [] [] 
 []


Underfull \vbox (badness 10000) detected at line 991
 []


Overfull \hbox (80.78665pt too wide) in alignment at lines 991--993
 [] [] [] [] [] [] [] 
 []

[22]
Overfull \hbox (1.88083pt too wide) in paragraph at lines 1003--1003
[]|\T1/cmr/bx/n/10 precision| 
 []


Underfull \hbox (badness 10000) in paragraph at lines 1005--1005
[]|\T1/cmr/m/n/10 <ast.Declaration ob-ject
 []


Underfull \hbox (badness 10000) in paragraph at lines 1007--1007
[]|\T1/cmr/m/n/10 <ast.Declaration ob-ject
 []


Underfull \hbox (badness 10000) in paragraph at lines 1009--1009
[]|\T1/cmr/m/n/10 <ast.Declaration ob-ject
 []


Underfull \hbox (badness 10000) in paragraph at lines 1011--1011
[]|\T1/cmr/m/n/10 <ast.Declaration ob-ject
 []


Overfull \hbox (1.96901pt too wide) in paragraph at lines 1013--1013
[]|\T1/cmr/m/n/10 ['intent(out)']| 
 []


Underfull \hbox (badness 10000) in paragraph at lines 1013--1013
[]|\T1/cmr/m/n/10 <ast.Declaration ob-ject
 []


Overfull \hbox (1.96901pt too wide) in paragraph at lines 1015--1015
[]|\T1/cmr/m/n/10 ['intent(out)']| 
 []


Underfull \hbox (badness 10000) in paragraph at lines 1015--1015
[]|\T1/cmr/m/n/10 <ast.Declaration ob-ject
 []


Overfull \hbox (80.78665pt too wide) in alignment at lines 999--1017
 [] [] [] [] [] [] [] 
 []


Underfull \vbox (badness 10000) detected at line 1017
 []

[23]
Overfull \hbox (1.88083pt too wide) in paragraph at lines 1027--1027
[]|\T1/cmr/bx/n/10 precision| 
 []


Underfull \hbox (badness 10000) in paragraph at lines 1029--1029
[]|\T1/cmr/m/n/10 <ast.Declaration ob-ject
 []


Underfull \hbox (badness 10000) in paragraph at lines 1031--1031
[]|\T1/cmr/m/n/10 <ast.Declaration ob-ject
 []


Underfull \hbox (badness 10000) in paragraph at lines 1033--1033
[]|\T1/cmr/m/n/10 <ast.Declaration ob-ject
 []


Overfull \hbox (80.78665pt too wide) in alignment at lines 1023--1035
 [] [] [] [] [] [] [] 
 []


Underfull \vbox (badness 10000) detected at line 1035
 []


Overfull \hbox (1.88083pt too wide) in paragraph at lines 1045--1045
[]|\T1/cmr/bx/n/10 precision| 
 []


Underfull \hbox (badness 2293) in paragraph at lines 1047--1047
[]|\T1/cmr/m/n/10 <ast.Function ob-ject at
 []


Underfull \hbox (badness 2293) in paragraph at lines 1049--1049
[]|\T1/cmr/m/n/10 <ast.Function ob-ject at
 []


Underfull \hbox (badness 2293) in paragraph at lines 1051--1051
[]|\T1/cmr/m/n/10 <ast.Function ob-ject at
 []


Underfull \hbox (badness 2293) in paragraph at lines 1053--1053
[]|\T1/cmr/m/n/10 <ast.Function ob-ject at
 []


Underfull \hbox (badness 2293) in paragraph at lines 1055--1055
[]|\T1/cmr/m/n/10 <ast.Function ob-ject at
 []


Underfull \hbox (badness 2293) in paragraph at lines 1057--1057
[]|\T1/cmr/m/n/10 <ast.Function ob-ject at
 []


Underfull \hbox (badness 2293) in paragraph at lines 1059--1059
[]|\T1/cmr/m/n/10 <ast.Function ob-ject at
 []


Underfull \hbox (badness 2293) in paragraph at lines 1061--1061
[]|\T1/cmr/m/n/10 <ast.Function ob-ject at
 []


Underfull \hbox (badness 2293) in paragraph at lines 1063--1063
[]|\T1/cmr/m/n/10 <ast.Function ob-ject at
 []


Overfull \hbox (5.11476pt too wide) in paragraph at lines 1065--1065
[]|\T1/cmr/m/n/10 Subroutine| 
 []


Underfull \hbox (badness 2293) in paragraph at lines 1067--1067
[]|\T1/cmr/m/n/10 <ast.Function ob-ject at
 []


Underfull \hbox (badness 2293) in paragraph at lines 1069--1069
[]|\T1/cmr/m/n/10 <ast.Function ob-ject at
 []


Underfull \hbox (badness 2293) in paragraph at lines 1071--1071
[]|\T1/cmr/m/n/10 <ast.Function ob-ject at
 []


Underfull \hbox (badness 2293) in paragraph at lines 1073--1073
[]|\T1/cmr/m/n/10 <ast.Function ob-ject at
 []


Underfull \hbox (badness 2293) in paragraph at lines 1075--1075
[]|\T1/cmr/m/n/10 <ast.Function ob-ject at
 []


Overfull \hbox (80.78665pt too wide) in alignment at lines 1041--1077
 [] [] [] [] [] [] [] 
 []


Underfull \vbox (badness 10000) detected at line 1077
 []

[24]
Overfull \hbox (1.88083pt too wide) in paragraph at lines 1087--1087
[]|\T1/cmr/bx/n/10 precision| 
 []


Underfull \hbox (badness 10000) in paragraph at lines 1089--1089
[]|\T1/cmr/m/n/10 <ast.Declaration ob-ject
 []


Underfull \hbox (badness 10000) in paragraph at lines 1091--1091
[]|\T1/cmr/m/n/10 <ast.Declaration ob-ject
 []


Underfull \hbox (badness 10000) in paragraph at lines 1093--1093
[]|\T1/cmr/m/n/10 <ast.Declaration ob-ject
 []


Overfull \hbox (80.78665pt too wide) in alignment at lines 1083--1095
 [] [] [] [] [] [] [] 
 []


Underfull \vbox (badness 10000) detected at line 1095
 []


Overfull \hbox (1.88083pt too wide) in paragraph at lines 1105--1105
[]|\T1/cmr/bx/n/10 precision| 
 []


Underfull \hbox (badness 10000) in paragraph at lines 1107--1107
[]|\T1/cmr/m/n/10 <ast.Declaration ob-ject
 []


Underfull \hbox (badness 10000) in paragraph at lines 1109--1109
[]|\T1/cmr/m/n/10 <ast.Declaration ob-ject
 []


Underfull \hbox (badness 10000) in paragraph at lines 1111--1111
[]|\T1/cmr/m/n/10 <ast.Declaration ob-ject
 []


Overfull \hbox (80.78665pt too wide) in alignment at lines 1101--1113
 [] [] [] [] [] [] [] 
 []


Underfull \vbox (badness 10000) detected at line 1113
 []

[25]
Overfull \hbox (1.88083pt too wide) in paragraph at lines 1123--1123
[]|\T1/cmr/bx/n/10 precision| 
 []


Underfull \hbox (badness 10000) in paragraph at lines 1125--1125
[]|\T1/cmr/m/n/10 <ast.Declaration ob-ject
 []


Underfull \hbox (badness 10000) in paragraph at lines 1127--1127
[]|\T1/cmr/m/n/10 <ast.Declaration ob-ject
 []


Underfull \hbox (badness 10000) in paragraph at lines 1129--1129
[]|\T1/cmr/m/n/10 <ast.Declaration ob-ject
 []


Underfull \hbox (badness 10000) in paragraph at lines 1131--1131
[]|\T1/cmr/m/n/10 <ast.Declaration ob-ject
 []


Overfull \hbox (80.78665pt too wide) in alignment at lines 1119--1133
 [] [] [] [] [] [] [] 
 []


Underfull \vbox (badness 10000) detected at line 1133
 []


Overfull \hbox (1.88083pt too wide) in paragraph at lines 1143--1143
[]|\T1/cmr/bx/n/10 precision| 
 []


Underfull \hbox (badness 10000) in paragraph at lines 1145--1145
[]|\T1/cmr/m/n/10 <ast.Declaration ob-ject
 []


Underfull \hbox (badness 10000) in paragraph at lines 1147--1147
[]|\T1/cmr/m/n/10 <ast.Declaration ob-ject
 []


Underfull \hbox (badness 10000) in paragraph at lines 1149--1149
[]|\T1/cmr/m/n/10 <ast.Declaration ob-ject
 []


Overfull \hbox (80.78665pt too wide) in alignment at lines 1139--1151
 [] [] [] [] [] [] [] 
 []


Underfull \vbox (badness 10000) detected at line 1151
 []

[26]
Overfull \hbox (1.88083pt too wide) in paragraph at lines 1161--1161
[]|\T1/cmr/bx/n/10 precision| 
 []


Underfull \hbox (badness 10000) in paragraph at lines 1163--1163
[]|\T1/cmr/m/n/10 <ast.Declaration ob-ject
 []


Underfull \hbox (badness 10000) in paragraph at lines 1165--1165
[]|\T1/cmr/m/n/10 <ast.Declaration ob-ject
 []


Underfull \hbox (badness 10000) in paragraph at lines 1167--1167
[]|\T1/cmr/m/n/10 <ast.Declaration ob-ject
 []


Overfull \hbox (80.78665pt too wide) in alignment at lines 1157--1169
 [] [] [] [] [] [] [] 
 []


Underfull \vbox (badness 10000) detected at line 1169
 []


Overfull \hbox (1.88083pt too wide) in paragraph at lines 1179--1179
[]|\T1/cmr/bx/n/10 precision| 
 []


Underfull \hbox (badness 10000) in paragraph at lines 1181--1181
[]|\T1/cmr/m/n/10 <ast.Declaration ob-ject
 []


Underfull \hbox (badness 10000) in paragraph at lines 1183--1183
[]|\T1/cmr/m/n/10 <ast.Declaration ob-ject
 []


Overfull \hbox (80.78665pt too wide) in alignment at lines 1175--1185
 [] [] [] [] [] [] [] 
 []


Underfull \vbox (badness 10000) detected at line 1185
 []


Overfull \hbox (1.88083pt too wide) in paragraph at lines 1195--1195
[]|\T1/cmr/bx/n/10 precision| 
 []


Underfull \hbox (badness 10000) in paragraph at lines 1197--1197
[]|\T1/cmr/m/n/10 <ast.Declaration ob-ject
 []


Underfull \hbox (badness 10000) in paragraph at lines 1199--1199
[]|\T1/cmr/m/n/10 <ast.Declaration ob-ject
 []


Underfull \hbox (badness 10000) in paragraph at lines 1201--1201
[]|\T1/cmr/m/n/10 <ast.Declaration ob-ject
 []


Overfull \hbox (80.78665pt too wide) in alignment at lines 1191--1203
 [] [] [] [] [] [] [] 
 []


Underfull \vbox (badness 10000) detected at line 1203
 []

[27]
Overfull \hbox (1.88083pt too wide) in paragraph at lines 1213--1213
[]|\T1/cmr/bx/n/10 precision| 
 []


Underfull \hbox (badness 10000) in paragraph at lines 1215--1215
[]|\T1/cmr/m/n/10 <ast.Declaration ob-ject
 []


Underfull \hbox (badness 10000) in paragraph at lines 1217--1217
[]|\T1/cmr/m/n/10 <ast.Declaration ob-ject
 []


Underfull \hbox (badness 10000) in paragraph at lines 1219--1219
[]|\T1/cmr/m/n/10 <ast.Declaration ob-ject
 []


Overfull \hbox (80.78665pt too wide) in alignment at lines 1209--1221
 [] [] [] [] [] [] [] 
 []


Underfull \vbox (badness 10000) detected at line 1221
 []


Overfull \hbox (1.88083pt too wide) in paragraph at lines 1231--1231
[]|\T1/cmr/bx/n/10 precision| 
 []


Underfull \hbox (badness 10000) in paragraph at lines 1233--1233
[]|\T1/cmr/m/n/10 <ast.Declaration ob-ject
 []


Underfull \hbox (badness 10000) in paragraph at lines 1235--1235
[]|\T1/cmr/m/n/10 <ast.Declaration ob-ject
 []


Underfull \hbox (badness 10000) in paragraph at lines 1237--1237
[]|\T1/cmr/m/n/10 <ast.Declaration ob-ject
 []


Underfull \hbox (badness 10000) in paragraph at lines 1239--1239
[]|\T1/cmr/m/n/10 <ast.Declaration ob-ject
 []


Overfull \hbox (80.78665pt too wide) in alignment at lines 1227--1241
 [] [] [] [] [] [] [] 
 []


Underfull \vbox (badness 10000) detected at line 1241
 []


Overfull \vbox (0.82883pt too high) has occurred while \output is active []


[28]
Overfull \hbox (1.88083pt too wide) in paragraph at lines 1251--1251
[]|\T1/cmr/bx/n/10 precision| 
 []


Underfull \hbox (badness 10000) in paragraph at lines 1253--1253
[]|\T1/cmr/m/n/10 <ast.Declaration ob-ject
 []


Overfull \hbox (1.96901pt too wide) in paragraph at lines 1255--1255
[]|\T1/cmr/m/n/10 ['intent(out)']| 
 []


Underfull \hbox (badness 10000) in paragraph at lines 1255--1255
[]|\T1/cmr/m/n/10 <ast.Declaration ob-ject
 []


Overfull \hbox (1.96901pt too wide) in paragraph at lines 1257--1257
[]|\T1/cmr/m/n/10 ['intent(out)']| 
 []


Underfull \hbox (badness 10000) in paragraph at lines 1257--1257
[]|\T1/cmr/m/n/10 <ast.Declaration ob-ject
 []


Underfull \hbox (badness 10000) in paragraph at lines 1259--1259
[]|\T1/cmr/m/n/10 <ast.Declaration ob-ject
 []


Underfull \hbox (badness 10000) in paragraph at lines 1261--1261
[]|\T1/cmr/m/n/10 <ast.Declaration ob-ject
 []


Underfull \hbox (badness 10000) in paragraph at lines 1263--1263
[]|\T1/cmr/m/n/10 <ast.Declaration ob-ject
 []


Underfull \hbox (badness 10000) in paragraph at lines 1265--1265
[]|\T1/cmr/m/n/10 <ast.Declaration ob-ject
 []


Underfull \hbox (badness 10000) in paragraph at lines 1267--1267
[]|\T1/cmr/m/n/10 <ast.Declaration ob-ject
 []


Underfull \hbox (badness 10000) in paragraph at lines 1269--1269
[]|\T1/cmr/m/n/10 <ast.Declaration ob-ject
 []


Overfull \hbox (80.78665pt too wide) in alignment at lines 1247--1271
 [] [] [] [] [] [] [] 
 []


Underfull \vbox (badness 10000) detected at line 1271
 []


Overfull \hbox (1.88083pt too wide) in paragraph at lines 1281--1281
[]|\T1/cmr/bx/n/10 precision| 
 []


Underfull \hbox (badness 10000) in paragraph at lines 1283--1283
[]|\T1/cmr/m/n/10 <ast.Declaration ob-ject
 []


Underfull \hbox (badness 10000) in paragraph at lines 1285--1285
[]|\T1/cmr/m/n/10 <ast.Declaration ob-ject
 []


Underfull \hbox (badness 10000) in paragraph at lines 1287--1287
[]|\T1/cmr/m/n/10 <ast.Declaration ob-ject
 []


Underfull \hbox (badness 10000) in paragraph at lines 1289--1289
[]|\T1/cmr/m/n/10 <ast.Declaration ob-ject
 []


Overfull \hbox (80.78665pt too wide) in alignment at lines 1277--1291
 [] [] [] [] [] [] [] 
 []


Underfull \vbox (badness 10000) detected at line 1291
 []

[29]
Overfull \hbox (1.88083pt too wide) in paragraph at lines 1301--1301
[]|\T1/cmr/bx/n/10 precision| 
 []


Underfull \hbox (badness 10000) in paragraph at lines 1303--1303
[]|\T1/cmr/m/n/10 <ast.Declaration ob-ject
 []


Underfull \hbox (badness 10000) in paragraph at lines 1305--1305
[]|\T1/cmr/m/n/10 <ast.Declaration ob-ject
 []


Underfull \hbox (badness 10000) in paragraph at lines 1307--1307
[]|\T1/cmr/m/n/10 <ast.Declaration ob-ject
 []


Underfull \hbox (badness 10000) in paragraph at lines 1309--1309
[]|\T1/cmr/m/n/10 <ast.Declaration ob-ject
 []


Overfull \hbox (80.78665pt too wide) in alignment at lines 1297--1311
 [] [] [] [] [] [] [] 
 []


Underfull \vbox (badness 10000) detected at line 1311
 []


Overfull \hbox (1.88083pt too wide) in paragraph at lines 1321--1321
[]|\T1/cmr/bx/n/10 precision| 
 []


Underfull \hbox (badness 10000) in paragraph at lines 1323--1323
[]|\T1/cmr/m/n/10 <ast.Declaration ob-ject
 []


Underfull \hbox (badness 10000) in paragraph at lines 1325--1325
[]|\T1/cmr/m/n/10 <ast.Declaration ob-ject
 []


Underfull \hbox (badness 10000) in paragraph at lines 1327--1327
[]|\T1/cmr/m/n/10 <ast.Declaration ob-ject
 []


Underfull \hbox (badness 10000) in paragraph at lines 1329--1329
[]|\T1/cmr/m/n/10 <ast.Declaration ob-ject
 []


Overfull \hbox (80.78665pt too wide) in alignment at lines 1317--1331
 [] [] [] [] [] [] [] 
 []


Underfull \vbox (badness 10000) detected at line 1331
 []


Overfull \vbox (0.82883pt too high) has occurred while \output is active []


[30]
Overfull \hbox (1.88083pt too wide) in paragraph at lines 1341--1341
[]|\T1/cmr/bx/n/10 precision| 
 []


Underfull \hbox (badness 10000) in paragraph at lines 1343--1343
[]|\T1/cmr/m/n/10 <ast.Declaration ob-ject
 []


Underfull \hbox (badness 10000) in paragraph at lines 1345--1345
[]|\T1/cmr/m/n/10 <ast.Declaration ob-ject
 []


Underfull \hbox (badness 10000) in paragraph at lines 1347--1347
[]|\T1/cmr/m/n/10 <ast.Declaration ob-ject
 []


Underfull \hbox (badness 10000) in paragraph at lines 1349--1349
[]|\T1/cmr/m/n/10 <ast.Declaration ob-ject
 []


Underfull \hbox (badness 10000) in paragraph at lines 1351--1351
[]|\T1/cmr/m/n/10 <ast.Declaration ob-ject
 []


Overfull \hbox (80.78665pt too wide) in alignment at lines 1337--1353
 [] [] [] [] [] [] [] 
 []


Underfull \vbox (badness 10000) detected at line 1353
 []


Overfull \hbox (1.88083pt too wide) in paragraph at lines 1363--1363
[]|\T1/cmr/bx/n/10 precision| 
 []


Underfull \hbox (badness 10000) in paragraph at lines 1365--1365
[]|\T1/cmr/m/n/10 <ast.Declaration ob-ject
 []


Underfull \hbox (badness 10000) in paragraph at lines 1367--1367
[]|\T1/cmr/m/n/10 <ast.Declaration ob-ject
 []


Underfull \hbox (badness 10000) in paragraph at lines 1369--1369
[]|\T1/cmr/m/n/10 <ast.Declaration ob-ject
 []


Underfull \hbox (badness 10000) in paragraph at lines 1371--1371
[]|\T1/cmr/m/n/10 <ast.Declaration ob-ject
 []


Overfull \hbox (80.78665pt too wide) in alignment at lines 1359--1373
 [] [] [] [] [] [] [] 
 []


Underfull \vbox (badness 10000) detected at line 1373
 []


Overfull \hbox (1.88083pt too wide) in paragraph at lines 1383--1383
[]|\T1/cmr/bx/n/10 precision| 
 []


Underfull \hbox (badness 2293) in paragraph at lines 1385--1385
[]|\T1/cmr/m/n/10 <ast.Function ob-ject at
 []


Overfull \hbox (6.80116pt too wide) in paragraph at lines 1387--1387
[]|\T1/cmr/m/n/10 result(NormV)| 
 []


Underfull \hbox (badness 2293) in paragraph at lines 1387--1387
[]|\T1/cmr/m/n/10 <ast.Function ob-ject at
 []


Overfull \hbox (1.4969pt too wide) in paragraph at lines 1389--1389
[]|\T1/cmr/m/n/10 result(AINV)| 
 []


Underfull \hbox (badness 2293) in paragraph at lines 1389--1389
[]|\T1/cmr/m/n/10 <ast.Function ob-ject at
 []


Underfull \hbox (badness 2293) in paragraph at lines 1391--1391
[]|\T1/cmr/m/n/10 <ast.Function ob-ject at
 []


Underfull \hbox (badness 2293) in paragraph at lines 1393--1393
[]|\T1/cmr/m/n/10 <ast.Function ob-ject at
 []


Underfull \hbox (badness 2293) in paragraph at lines 1395--1395
[]|\T1/cmr/m/n/10 <ast.Function ob-ject at
 []


Overfull \hbox (80.78665pt too wide) in alignment at lines 1379--1397
 [] [] [] [] [] [] [] 
 []

[31]
Underfull \vbox (badness 10000) detected at line 1397
 []


Overfull \hbox (1.88083pt too wide) in paragraph at lines 1407--1407
[]|\T1/cmr/bx/n/10 precision| 
 []


Underfull \hbox (badness 10000) in paragraph at lines 1409--1409
[]|\T1/cmr/m/n/10 <ast.Declaration ob-ject
 []


Underfull \hbox (badness 10000) in paragraph at lines 1411--1411
[]|\T1/cmr/m/n/10 <ast.Declaration ob-ject
 []


Underfull \hbox (badness 10000) in paragraph at lines 1413--1413
[]|\T1/cmr/m/n/10 <ast.Declaration ob-ject
 []


Underfull \hbox (badness 10000) in paragraph at lines 1415--1415
[]|\T1/cmr/m/n/10 <ast.Declaration ob-ject
 []


Underfull \hbox (badness 10000) in paragraph at lines 1417--1417
[]|\T1/cmr/m/n/10 <ast.Declaration ob-ject
 []


Underfull \hbox (badness 10000) in paragraph at lines 1419--1419
[]|\T1/cmr/m/n/10 <ast.Declaration ob-ject
 []


Overfull \hbox (80.78665pt too wide) in alignment at lines 1403--1421
 [] [] [] [] [] [] [] 
 []


Underfull \vbox (badness 10000) detected at line 1421
 []

[32]
Overfull \hbox (1.88083pt too wide) in paragraph at lines 1431--1431
[]|\T1/cmr/bx/n/10 precision| 
 []


Underfull \hbox (badness 10000) in paragraph at lines 1433--1433
[]|\T1/cmr/m/n/10 <ast.Declaration ob-ject
 []


Underfull \hbox (badness 10000) in paragraph at lines 1435--1435
[]|\T1/cmr/m/n/10 <ast.Declaration ob-ject
 []


Underfull \hbox (badness 10000) in paragraph at lines 1437--1437
[]|\T1/cmr/m/n/10 <ast.Declaration ob-ject
 []


Underfull \hbox (badness 10000) in paragraph at lines 1439--1439
[]|\T1/cmr/m/n/10 <ast.Declaration ob-ject
 []


Overfull \hbox (80.78665pt too wide) in alignment at lines 1427--1441
 [] [] [] [] [] [] [] 
 []


Underfull \vbox (badness 10000) detected at line 1441
 []


Overfull \hbox (1.88083pt too wide) in paragraph at lines 1451--1451
[]|\T1/cmr/bx/n/10 precision| 
 []


Underfull \hbox (badness 10000) in paragraph at lines 1453--1453
[]|\T1/cmr/m/n/10 <ast.Declaration ob-ject
 []


Underfull \hbox (badness 10000) in paragraph at lines 1455--1455
[]|\T1/cmr/m/n/10 <ast.Declaration ob-ject
 []


Underfull \hbox (badness 10000) in paragraph at lines 1457--1457
[]|\T1/cmr/m/n/10 <ast.Declaration ob-ject
 []


Underfull \hbox (badness 10000) in paragraph at lines 1459--1459
[]|\T1/cmr/m/n/10 <ast.Declaration ob-ject
 []


Underfull \hbox (badness 10000) in paragraph at lines 1461--1461
[]|\T1/cmr/m/n/10 <ast.Declaration ob-ject
 []


Underfull \hbox (badness 10000) in paragraph at lines 1463--1463
[]|\T1/cmr/m/n/10 <ast.Declaration ob-ject
 []


Underfull \hbox (badness 10000) in paragraph at lines 1465--1465
[]|\T1/cmr/m/n/10 <ast.Declaration ob-ject
 []


Underfull \hbox (badness 10000) in paragraph at lines 1467--1467
[]|\T1/cmr/m/n/10 <ast.Declaration ob-ject
 []


Underfull \hbox (badness 10000) in paragraph at lines 1469--1469
[]|\T1/cmr/m/n/10 <ast.Declaration ob-ject
 []


Overfull \hbox (80.78665pt too wide) in alignment at lines 1447--1471
 [] [] [] [] [] [] [] 
 []


Underfull \vbox (badness 10000) detected at line 1471
 []


Overfull \vbox (7.17607pt too high) has occurred while \output is active []


[33]
Overfull \hbox (1.88083pt too wide) in paragraph at lines 1481--1481
[]|\T1/cmr/bx/n/10 precision| 
 []


Underfull \hbox (badness 10000) in paragraph at lines 1483--1483
[]|\T1/cmr/m/n/10 <ast.Declaration ob-ject
 []


Underfull \hbox (badness 10000) in paragraph at lines 1485--1485
[]|\T1/cmr/m/n/10 <ast.Declaration ob-ject
 []


Underfull \hbox (badness 10000) in paragraph at lines 1487--1487
[]|\T1/cmr/m/n/10 <ast.Declaration ob-ject
 []


Underfull \hbox (badness 10000) in paragraph at lines 1489--1489
[]|\T1/cmr/m/n/10 <ast.Declaration ob-ject
 []


Underfull \hbox (badness 10000) in paragraph at lines 1491--1491
[]|\T1/cmr/m/n/10 <ast.Declaration ob-ject
 []


Underfull \hbox (badness 10000) in paragraph at lines 1493--1493
[]|\T1/cmr/m/n/10 <ast.Declaration ob-ject
 []


Underfull \hbox (badness 10000) in paragraph at lines 1495--1495
[]|\T1/cmr/m/n/10 <ast.Declaration ob-ject
 []


Overfull \hbox (1.13588pt too wide) in paragraph at lines 1497--1497
[]|\T1/cmr/m/n/10 ['allocatable']| 
 []


Underfull \hbox (badness 10000) in paragraph at lines 1497--1497
[]|\T1/cmr/m/n/10 <ast.Declaration ob-ject
 []


Overfull \hbox (80.78665pt too wide) in alignment at lines 1477--1499
 [] [] [] [] [] [] [] 
 []


Underfull \vbox (badness 10000) detected at line 1499
 []


Overfull \hbox (1.88083pt too wide) in paragraph at lines 1509--1509
[]|\T1/cmr/bx/n/10 precision| 
 []


Underfull \hbox (badness 10000) in paragraph at lines 1511--1511
[]|\T1/cmr/m/n/10 <ast.Declaration ob-ject
 []


Underfull \hbox (badness 10000) in paragraph at lines 1513--1513
[]|\T1/cmr/m/n/10 <ast.Declaration ob-ject
 []


Underfull \hbox (badness 10000) in paragraph at lines 1515--1515
[]|\T1/cmr/m/n/10 <ast.Declaration ob-ject
 []


Underfull \hbox (badness 10000) in paragraph at lines 1517--1517
[]|\T1/cmr/m/n/10 <ast.Declaration ob-ject
 []


Underfull \hbox (badness 10000) in paragraph at lines 1519--1519
[]|\T1/cmr/m/n/10 <ast.Declaration ob-ject
 []


Underfull \hbox (badness 10000) in paragraph at lines 1521--1521
[]|\T1/cmr/m/n/10 <ast.Declaration ob-ject
 []


Underfull \hbox (badness 10000) in paragraph at lines 1523--1523
[]|\T1/cmr/m/n/10 <ast.Declaration ob-ject
 []


Underfull \hbox (badness 10000) in paragraph at lines 1525--1525
[]|\T1/cmr/m/n/10 <ast.Declaration ob-ject
 []


Underfull \hbox (badness 10000) in paragraph at lines 1527--1527
[]|\T1/cmr/m/n/10 <ast.Declaration ob-ject
 []


Underfull \hbox (badness 10000) in paragraph at lines 1529--1529
[]|\T1/cmr/m/n/10 <ast.Declaration ob-ject
 []


Underfull \hbox (badness 10000) in paragraph at lines 1531--1531
[]|\T1/cmr/m/n/10 <ast.Declaration ob-ject
 []


Overfull \hbox (80.78665pt too wide) in alignment at lines 1505--1533
 [] [] [] [] [] [] [] 
 []


Underfull \vbox (badness 10000) detected at line 1533
 []

[34]
Overfull \hbox (1.88083pt too wide) in paragraph at lines 1543--1543
[]|\T1/cmr/bx/n/10 precision| 
 []


Underfull \hbox (badness 10000) in paragraph at lines 1545--1545
[]|\T1/cmr/m/n/10 <ast.Declaration ob-ject
 []


Underfull \hbox (badness 10000) in paragraph at lines 1547--1547
[]|\T1/cmr/m/n/10 <ast.Declaration ob-ject
 []


Underfull \hbox (badness 10000) in paragraph at lines 1549--1549
[]|\T1/cmr/m/n/10 <ast.Declaration ob-ject
 []


Underfull \hbox (badness 10000) in paragraph at lines 1551--1551
[]|\T1/cmr/m/n/10 <ast.Declaration ob-ject
 []


Underfull \hbox (badness 10000) in paragraph at lines 1553--1553
[]|\T1/cmr/m/n/10 <ast.Declaration ob-ject
 []


Underfull \hbox (badness 10000) in paragraph at lines 1555--1555
[]|\T1/cmr/m/n/10 <ast.Declaration ob-ject
 []


Underfull \hbox (badness 10000) in paragraph at lines 1557--1557
[]|\T1/cmr/m/n/10 <ast.Declaration ob-ject
 []


Underfull \hbox (badness 10000) in paragraph at lines 1559--1559
[]|\T1/cmr/m/n/10 <ast.Declaration ob-ject
 []


Underfull \hbox (badness 10000) in paragraph at lines 1561--1561
[]|\T1/cmr/m/n/10 <ast.Declaration ob-ject
 []


Underfull \hbox (badness 10000) in paragraph at lines 1563--1563
[]|\T1/cmr/m/n/10 <ast.Declaration ob-ject
 []


Underfull \hbox (badness 10000) in paragraph at lines 1565--1565
[]|\T1/cmr/m/n/10 <ast.Declaration ob-ject
 []


Underfull \hbox (badness 10000) in paragraph at lines 1567--1567
[]|\T1/cmr/m/n/10 <ast.Declaration ob-ject
 []


Overfull \hbox (80.78665pt too wide) in alignment at lines 1539--1569
 [] [] [] [] [] [] [] 
 []


Underfull \vbox (badness 10000) detected at line 1569
 []

[35]
Overfull \hbox (1.88083pt too wide) in paragraph at lines 1579--1579
[]|\T1/cmr/bx/n/10 precision| 
 []


Underfull \hbox (badness 2293) in paragraph at lines 1581--1581
[]|\T1/cmr/m/n/10 <ast.Function ob-ject at
 []


Underfull \hbox (badness 2293) in paragraph at lines 1583--1583
[]|\T1/cmr/m/n/10 <ast.Function ob-ject at
 []


Underfull \hbox (badness 2293) in paragraph at lines 1585--1585
[]|\T1/cmr/m/n/10 <ast.Function ob-ject at
 []


Underfull \hbox (badness 2293) in paragraph at lines 1587--1587
[]|\T1/cmr/m/n/10 <ast.Function ob-ject at
 []


Underfull \hbox (badness 2293) in paragraph at lines 1589--1589
[]|\T1/cmr/m/n/10 <ast.Function ob-ject at
 []


Underfull \hbox (badness 2293) in paragraph at lines 1591--1591
[]|\T1/cmr/m/n/10 <ast.Function ob-ject at
 []


Underfull \hbox (badness 2293) in paragraph at lines 1593--1593
[]|\T1/cmr/m/n/10 <ast.Function ob-ject at
 []


Underfull \hbox (badness 2293) in paragraph at lines 1595--1595
[]|\T1/cmr/m/n/10 <ast.Function ob-ject at
 []


Overfull \hbox (3.44087pt too wide) in paragraph at lines 1597--1597
[]|\T1/cmr/m/n/10 result(Ab_T)| 
 []


Underfull \hbox (badness 2293) in paragraph at lines 1597--1597
[]|\T1/cmr/m/n/10 <ast.Function ob-ject at
 []


Overfull \hbox (2.46889pt too wide) in paragraph at lines 1599--1599
[]|\T1/cmr/m/n/10 result(a_TB)| 
 []


Underfull \hbox (badness 2293) in paragraph at lines 1599--1599
[]|\T1/cmr/m/n/10 <ast.Function ob-ject at
 []


Underfull \hbox (badness 2293) in paragraph at lines 1601--1601
[]|\T1/cmr/m/n/10 <ast.Function ob-ject at
 []


Overfull \hbox (80.78665pt too wide) in alignment at lines 1575--1603
 [] [] [] [] [] [] [] 
 []


Underfull \vbox (badness 10000) detected at line 1603
 []

[36]
Overfull \hbox (1.88083pt too wide) in paragraph at lines 1613--1613
[]|\T1/cmr/bx/n/10 precision| 
 []


Underfull \hbox (badness 10000) in paragraph at lines 1615--1615
[]|\T1/cmr/m/n/10 <ast.Declaration ob-ject
 []


Underfull \hbox (badness 10000) in paragraph at lines 1617--1617
[]|\T1/cmr/m/n/10 <ast.Declaration ob-ject
 []


Underfull \hbox (badness 10000) in paragraph at lines 1619--1619
[]|\T1/cmr/m/n/10 <ast.Declaration ob-ject
 []


Overfull \hbox (80.78665pt too wide) in alignment at lines 1609--1621
 [] [] [] [] [] [] [] 
 []


Underfull \vbox (badness 10000) detected at line 1621
 []


Overfull \hbox (1.88083pt too wide) in paragraph at lines 1631--1631
[]|\T1/cmr/bx/n/10 precision| 
 []


Underfull \hbox (badness 10000) in paragraph at lines 1633--1633
[]|\T1/cmr/m/n/10 <ast.Declaration ob-ject
 []


Underfull \hbox (badness 10000) in paragraph at lines 1635--1635
[]|\T1/cmr/m/n/10 <ast.Declaration ob-ject
 []


Underfull \hbox (badness 10000) in paragraph at lines 1637--1637
[]|\T1/cmr/m/n/10 <ast.Declaration ob-ject
 []


Overfull \hbox (80.78665pt too wide) in alignment at lines 1627--1639
 [] [] [] [] [] [] [] 
 []


Underfull \vbox (badness 10000) detected at line 1639
 []

[37]
Overfull \hbox (1.88083pt too wide) in paragraph at lines 1649--1649
[]|\T1/cmr/bx/n/10 precision| 
 []


Underfull \hbox (badness 10000) in paragraph at lines 1651--1651
[]|\T1/cmr/m/n/10 <ast.Declaration ob-ject
 []


Underfull \hbox (badness 10000) in paragraph at lines 1653--1653
[]|\T1/cmr/m/n/10 <ast.Declaration ob-ject
 []


Underfull \hbox (badness 10000) in paragraph at lines 1655--1655
[]|\T1/cmr/m/n/10 <ast.Declaration ob-ject
 []


Overfull \hbox (80.78665pt too wide) in alignment at lines 1645--1657
 [] [] [] [] [] [] [] 
 []


Underfull \vbox (badness 10000) detected at line 1657
 []


Overfull \hbox (1.88083pt too wide) in paragraph at lines 1667--1667
[]|\T1/cmr/bx/n/10 precision| 
 []


Underfull \hbox (badness 10000) in paragraph at lines 1669--1669
[]|\T1/cmr/m/n/10 <ast.Declaration ob-ject
 []


Underfull \hbox (badness 10000) in paragraph at lines 1671--1671
[]|\T1/cmr/m/n/10 <ast.Declaration ob-ject
 []


Underfull \hbox (badness 10000) in paragraph at lines 1673--1673
[]|\T1/cmr/m/n/10 <ast.Declaration ob-ject
 []


Overfull \hbox (80.78665pt too wide) in alignment at lines 1663--1675
 [] [] [] [] [] [] [] 
 []


Underfull \vbox (badness 10000) detected at line 1675
 []


Overfull \hbox (1.88083pt too wide) in paragraph at lines 1685--1685
[]|\T1/cmr/bx/n/10 precision| 
 []


Underfull \hbox (badness 10000) in paragraph at lines 1687--1687
[]|\T1/cmr/m/n/10 <ast.Declaration ob-ject
 []


Underfull \hbox (badness 10000) in paragraph at lines 1689--1689
[]|\T1/cmr/m/n/10 <ast.Declaration ob-ject
 []


Underfull \hbox (badness 10000) in paragraph at lines 1691--1691
[]|\T1/cmr/m/n/10 <ast.Declaration ob-ject
 []


Overfull \hbox (80.78665pt too wide) in alignment at lines 1681--1693
 [] [] [] [] [] [] [] 
 []


Underfull \vbox (badness 10000) detected at line 1693
 []


Overfull \vbox (7.22882pt too high) has occurred while \output is active []


[38]
Overfull \hbox (1.88083pt too wide) in paragraph at lines 1703--1703
[]|\T1/cmr/bx/n/10 precision| 
 []


Underfull \hbox (badness 10000) in paragraph at lines 1705--1705
[]|\T1/cmr/m/n/10 <ast.Declaration ob-ject
 []


Underfull \hbox (badness 10000) in paragraph at lines 1707--1707
[]|\T1/cmr/m/n/10 <ast.Declaration ob-ject
 []


Underfull \hbox (badness 10000) in paragraph at lines 1709--1709
[]|\T1/cmr/m/n/10 <ast.Declaration ob-ject
 []


Overfull \hbox (80.78665pt too wide) in alignment at lines 1699--1711
 [] [] [] [] [] [] [] 
 []


Underfull \vbox (badness 10000) detected at line 1711
 []


Overfull \hbox (1.88083pt too wide) in paragraph at lines 1721--1721
[]|\T1/cmr/bx/n/10 precision| 
 []


Underfull \hbox (badness 10000) in paragraph at lines 1723--1723
[]|\T1/cmr/m/n/10 <ast.Declaration ob-ject
 []


Underfull \hbox (badness 10000) in paragraph at lines 1725--1725
[]|\T1/cmr/m/n/10 <ast.Declaration ob-ject
 []


Underfull \hbox (badness 10000) in paragraph at lines 1727--1727
[]|\T1/cmr/m/n/10 <ast.Declaration ob-ject
 []


Overfull \hbox (80.78665pt too wide) in alignment at lines 1717--1729
 [] [] [] [] [] [] [] 
 []


Underfull \vbox (badness 10000) detected at line 1729
 []


Overfull \hbox (1.88083pt too wide) in paragraph at lines 1739--1739
[]|\T1/cmr/bx/n/10 precision| 
 []


Underfull \hbox (badness 10000) in paragraph at lines 1741--1741
[]|\T1/cmr/m/n/10 <ast.Declaration ob-ject
 []


Underfull \hbox (badness 10000) in paragraph at lines 1743--1743
[]|\T1/cmr/m/n/10 <ast.Declaration ob-ject
 []


Underfull \hbox (badness 10000) in paragraph at lines 1745--1745
[]|\T1/cmr/m/n/10 <ast.Declaration ob-ject
 []


Overfull \hbox (80.78665pt too wide) in alignment at lines 1735--1747
 [] [] [] [] [] [] [] 
 []


Underfull \vbox (badness 10000) detected at line 1747
 []

[39]
Overfull \hbox (1.88083pt too wide) in paragraph at lines 1757--1757
[]|\T1/cmr/bx/n/10 precision| 
 []


Underfull \hbox (badness 10000) in paragraph at lines 1759--1759
[]|\T1/cmr/m/n/10 <ast.Declaration ob-ject
 []


Underfull \hbox (badness 10000) in paragraph at lines 1761--1761
[]|\T1/cmr/m/n/10 <ast.Declaration ob-ject
 []


Underfull \hbox (badness 10000) in paragraph at lines 1763--1763
[]|\T1/cmr/m/n/10 <ast.Declaration ob-ject
 []


Overfull \hbox (80.78665pt too wide) in alignment at lines 1753--1765
 [] [] [] [] [] [] [] 
 []


Underfull \vbox (badness 10000) detected at line 1765
 []


Overfull \hbox (1.88083pt too wide) in paragraph at lines 1775--1775
[]|\T1/cmr/bx/n/10 precision| 
 []


Underfull \hbox (badness 10000) in paragraph at lines 1777--1777
[]|\T1/cmr/m/n/10 <ast.Declaration ob-ject
 []


Underfull \hbox (badness 10000) in paragraph at lines 1779--1779
[]|\T1/cmr/m/n/10 <ast.Declaration ob-ject
 []


Underfull \hbox (badness 10000) in paragraph at lines 1781--1781
[]|\T1/cmr/m/n/10 <ast.Declaration ob-ject
 []


Overfull \hbox (80.78665pt too wide) in alignment at lines 1771--1783
 [] [] [] [] [] [] [] 
 []


Underfull \vbox (badness 10000) detected at line 1783
 []


Overfull \hbox (1.88083pt too wide) in paragraph at lines 1793--1793
[]|\T1/cmr/bx/n/10 precision| 
 []


Underfull \hbox (badness 10000) in paragraph at lines 1795--1795
[]|\T1/cmr/m/n/10 <ast.Declaration ob-ject
 []


Underfull \hbox (badness 10000) in paragraph at lines 1797--1797
[]|\T1/cmr/m/n/10 <ast.Declaration ob-ject
 []


Underfull \hbox (badness 10000) in paragraph at lines 1799--1799
[]|\T1/cmr/m/n/10 <ast.Declaration ob-ject
 []


Overfull \hbox (80.78665pt too wide) in alignment at lines 1789--1801
 [] [] [] [] [] [] [] 
 []


Underfull \vbox (badness 10000) detected at line 1801
 []

[40]
Overfull \hbox (1.88083pt too wide) in paragraph at lines 1811--1811
[]|\T1/cmr/bx/n/10 precision| 
 []


Overfull \hbox (5.11476pt too wide) in paragraph at lines 1813--1813
[]|\T1/cmr/m/n/10 Subroutine| 
 []


Overfull \hbox (5.11476pt too wide) in paragraph at lines 1815--1815
[]|\T1/cmr/m/n/10 Subroutine| 
 []


Overfull \hbox (5.11476pt too wide) in paragraph at lines 1817--1817
[]|\T1/cmr/m/n/10 Subroutine| 
 []


Overfull \hbox (5.11476pt too wide) in paragraph at lines 1819--1819
[]|\T1/cmr/m/n/10 Subroutine| 
 []


Overfull \hbox (5.11476pt too wide) in paragraph at lines 1821--1821
[]|\T1/cmr/m/n/10 Subroutine| 
 []


Overfull \hbox (5.11476pt too wide) in paragraph at lines 1823--1823
[]|\T1/cmr/m/n/10 Subroutine| 
 []


Overfull \hbox (5.11476pt too wide) in paragraph at lines 1825--1825
[]|\T1/cmr/m/n/10 Subroutine| 
 []


Overfull \hbox (5.11476pt too wide) in paragraph at lines 1827--1827
[]|\T1/cmr/m/n/10 Subroutine| 
 []


Overfull \hbox (80.78665pt too wide) in alignment at lines 1807--1829
 [] [] [] [] [] [] [] 
 []


Underfull \vbox (badness 10000) detected at line 1829
 []


Overfull \hbox (1.88083pt too wide) in paragraph at lines 1839--1839
[]|\T1/cmr/bx/n/10 precision| 
 []


Underfull \hbox (badness 10000) in paragraph at lines 1841--1841
[]|\T1/cmr/m/n/10 <ast.Declaration ob-ject
 []


Underfull \hbox (badness 10000) in paragraph at lines 1843--1843
[]|\T1/cmr/m/n/10 <ast.Declaration ob-ject
 []


Underfull \hbox (badness 10000) in paragraph at lines 1845--1845
[]|\T1/cmr/m/n/10 <ast.Declaration ob-ject
 []


Underfull \hbox (badness 10000) in paragraph at lines 1847--1847
[]|\T1/cmr/m/n/10 <ast.Declaration ob-ject
 []


Underfull \hbox (badness 10000) in paragraph at lines 1849--1849
[]|\T1/cmr/m/n/10 <ast.Declaration ob-ject
 []


Overfull \hbox (80.78665pt too wide) in alignment at lines 1835--1851
 [] [] [] [] [] [] [] 
 []

[41]
Underfull \vbox (badness 10000) detected at line 1851
 []


Overfull \hbox (1.88083pt too wide) in paragraph at lines 1861--1861
[]|\T1/cmr/bx/n/10 precision| 
 []


Overfull \hbox (80.78665pt too wide) in alignment at lines 1857--1863
 [] [] [] [] [] [] [] 
 []


Underfull \vbox (badness 10000) detected at line 1863
 []


Overfull \hbox (1.88083pt too wide) in paragraph at lines 1873--1873
[]|\T1/cmr/bx/n/10 precision| 
 []


Underfull \hbox (badness 10000) in paragraph at lines 1875--1875
[]|\T1/cmr/m/n/10 <ast.Declaration ob-ject
 []


Underfull \hbox (badness 10000) in paragraph at lines 1877--1877
[]|\T1/cmr/m/n/10 <ast.Declaration ob-ject
 []


Underfull \hbox (badness 10000) in paragraph at lines 1879--1879
[]|\T1/cmr/m/n/10 <ast.Declaration ob-ject
 []


Underfull \hbox (badness 10000) in paragraph at lines 1881--1881
[]|\T1/cmr/m/n/10 <ast.Declaration ob-ject
 []


Underfull \hbox (badness 10000) in paragraph at lines 1883--1883
[]|\T1/cmr/m/n/10 <ast.Declaration ob-ject
 []


Underfull \hbox (badness 10000) in paragraph at lines 1885--1885
[]|\T1/cmr/m/n/10 <ast.Declaration ob-ject
 []


Overfull \hbox (80.78665pt too wide) in alignment at lines 1869--1887
 [] [] [] [] [] [] [] 
 []


Underfull \vbox (badness 10000) detected at line 1887
 []

[42]
Overfull \hbox (1.88083pt too wide) in paragraph at lines 1897--1897
[]|\T1/cmr/bx/n/10 precision| 
 []


Underfull \hbox (badness 10000) in paragraph at lines 1899--1899
[]|\T1/cmr/m/n/10 <ast.Declaration ob-ject
 []


Underfull \hbox (badness 10000) in paragraph at lines 1901--1901
[]|\T1/cmr/m/n/10 <ast.Declaration ob-ject
 []


Underfull \hbox (badness 10000) in paragraph at lines 1903--1903
[]|\T1/cmr/m/n/10 <ast.Declaration ob-ject
 []


Underfull \hbox (badness 10000) in paragraph at lines 1905--1905
[]|\T1/cmr/m/n/10 <ast.Declaration ob-ject
 []


Underfull \hbox (badness 10000) in paragraph at lines 1907--1907
[]|\T1/cmr/m/n/10 <ast.Declaration ob-ject
 []


Overfull \hbox (80.78665pt too wide) in alignment at lines 1893--1909
 [] [] [] [] [] [] [] 
 []


Underfull \vbox (badness 10000) detected at line 1909
 []


Overfull \hbox (1.88083pt too wide) in paragraph at lines 1919--1919
[]|\T1/cmr/bx/n/10 precision| 
 []


Underfull \hbox (badness 10000) in paragraph at lines 1921--1921
[]|\T1/cmr/m/n/10 <ast.Declaration ob-ject
 []


Underfull \hbox (badness 10000) in paragraph at lines 1923--1923
[]|\T1/cmr/m/n/10 <ast.Declaration ob-ject
 []


Underfull \hbox (badness 10000) in paragraph at lines 1925--1925
[]|\T1/cmr/m/n/10 <ast.Declaration ob-ject
 []


Overfull \hbox (80.78665pt too wide) in alignment at lines 1915--1927
 [] [] [] [] [] [] [] 
 []


Underfull \vbox (badness 10000) detected at line 1927
 []


Overfull \vbox (0.82883pt too high) has occurred while \output is active []


[43]
Overfull \hbox (1.88083pt too wide) in paragraph at lines 1937--1937
[]|\T1/cmr/bx/n/10 precision| 
 []


Underfull \hbox (badness 10000) in paragraph at lines 1939--1939
[]|\T1/cmr/m/n/10 <ast.Declaration ob-ject
 []


Underfull \hbox (badness 10000) in paragraph at lines 1941--1941
[]|\T1/cmr/m/n/10 <ast.Declaration ob-ject
 []


Underfull \hbox (badness 10000) in paragraph at lines 1943--1943
[]|\T1/cmr/m/n/10 <ast.Declaration ob-ject
 []


Underfull \hbox (badness 10000) in paragraph at lines 1945--1945
[]|\T1/cmr/m/n/10 <ast.Declaration ob-ject
 []


Overfull \hbox (80.78665pt too wide) in alignment at lines 1933--1947
 [] [] [] [] [] [] [] 
 []


Underfull \vbox (badness 10000) detected at line 1947
 []


Overfull \hbox (1.88083pt too wide) in paragraph at lines 1957--1957
[]|\T1/cmr/bx/n/10 precision| 
 []


Underfull \hbox (badness 10000) in paragraph at lines 1959--1959
[]|\T1/cmr/m/n/10 <ast.Declaration ob-ject
 []


Overfull \hbox (80.78665pt too wide) in alignment at lines 1953--1961
 [] [] [] [] [] [] [] 
 []


Underfull \vbox (badness 10000) detected at line 1961
 []


Overfull \hbox (1.88083pt too wide) in paragraph at lines 1971--1971
[]|\T1/cmr/bx/n/10 precision| 
 []


Underfull \hbox (badness 10000) in paragraph at lines 1973--1973
[]|\T1/cmr/m/n/10 <ast.Declaration ob-ject
 []


Overfull \hbox (80.78665pt too wide) in alignment at lines 1967--1975
 [] [] [] [] [] [] [] 
 []


Underfull \vbox (badness 10000) detected at line 1975
 []

[44] (./SymbolTableGen/STOutputPdfFiles//LPSolver_st.aux) ) 
Here is how much of TeX's memory you used:
 1156 strings out of 492982
 13968 string characters out of 6134896
 139579 words of memory out of 5000000
 4762 multiletter control sequences out of 15000+600000
 11625 words of font info for 30 fonts, out of 8000000 for 9000
 1141 hyphenation exceptions out of 8191
 23i,6n,19p,194b,259s stack positions out of 5000i,500n,10000p,200000b,80000s
{/usr/share/texmf/fo
nts/enc/dvips/cm-super/cm-super-t1.enc}</usr/share/texmf/fonts/type1/public/cm-
super/sfbi1000.pfb></usr/share/texmf/fonts/type1/public/cm-super/sfbi1728.pfb><
/usr/share/texmf/fonts/type1/public/cm-super/sfbx1000.pfb></usr/share/texmf/fon
ts/type1/public/cm-super/sfbx1728.pfb></usr/share/texmf/fonts/type1/public/cm-s
uper/sfrm1000.pfb></usr/share/texmf/fonts/type1/public/cm-super/sfrm1200.pfb>
Output written on ./SymbolTableGen/STOutputPdfFiles//LPSolver_st.pdf (45 pages,
 190064 bytes).
PDF statistics:
 176 PDF objects out of 1000 (max. 8388607)
 121 compressed objects within 2 object streams
 0 named destinations out of 1000 (max. 500000)
 1 words of extra memory for PDF output out of 10000 (max. 10000000)

